{"C:\\Users\\ideqt\\Downloads\\tutor-demo-full\\backend\\src\\chat.js": {"path":"C:\\Users\\ideqt\\Downloads\\tutor-demo-full\\backend\\src\\chat.js","statementMap":{"0":{"start":{"line":2,"column":18},"end":{"line":2,"column":20}},"1":{"start":{"line":3,"column":17},"end":{"line":3,"column":19}},"2":{"start":{"line":5,"column":23},"end":{"line":5,"column":24}},"3":{"start":{"line":6,"column":20},"end":{"line":6,"column":21}},"4":{"start":{"line":11,"column":25},"end":{"line":14,"column":5}},"5":{"start":{"line":12,"column":8},"end":{"line":13,"column":62}},"6":{"start":{"line":16,"column":4},"end":{"line":18,"column":5}},"7":{"start":{"line":17,"column":8},"end":{"line":17,"column":28}},"8":{"start":{"line":21,"column":20},"end":{"line":26,"column":5}},"9":{"start":{"line":28,"column":4},"end":{"line":28,"column":28}},"10":{"start":{"line":29,"column":4},"end":{"line":29,"column":19}},"11":{"start":{"line":34,"column":4},"end":{"line":36,"column":6}},"12":{"start":{"line":35,"column":8},"end":{"line":35,"column":58}},"13":{"start":{"line":41,"column":20},"end":{"line":48,"column":5}},"14":{"start":{"line":50,"column":4},"end":{"line":50,"column":27}},"15":{"start":{"line":51,"column":4},"end":{"line":51,"column":19}},"16":{"start":{"line":56,"column":4},"end":{"line":60,"column":19}},"17":{"start":{"line":57,"column":23},"end":{"line":57,"column":44}},"18":{"start":{"line":58,"column":24},"end":{"line":58,"column":69}},"19":{"start":{"line":65,"column":4},"end":{"line":69,"column":7}},"20":{"start":{"line":66,"column":8},"end":{"line":68,"column":9}},"21":{"start":{"line":67,"column":12},"end":{"line":67,"column":28}},"22":{"start":{"line":74,"column":22},"end":{"line":74,"column":42}},"23":{"start":{"line":75,"column":20},"end":{"line":75,"column":44}},"24":{"start":{"line":75,"column":39},"end":{"line":75,"column":43}},"25":{"start":{"line":77,"column":4},"end":{"line":81,"column":13}},"26":{"start":{"line":78,"column":8},"end":{"line":80,"column":17}},"27":{"start":{"line":84,"column":0},"end":{"line":91,"column":2}}},"fnMap":{"0":{"name":"getOrCreateRoom","decl":{"start":{"line":9,"column":9},"end":{"line":9,"column":24}},"loc":{"start":{"line":9,"column":43},"end":{"line":30,"column":1}},"line":9},"1":{"name":"(anonymous_1)","decl":{"start":{"line":11,"column":40},"end":{"line":11,"column":41}},"loc":{"start":{"line":12,"column":8},"end":{"line":13,"column":62}},"line":12},"2":{"name":"getUserRooms","decl":{"start":{"line":33,"column":9},"end":{"line":33,"column":21}},"loc":{"start":{"line":33,"column":30},"end":{"line":37,"column":1}},"line":33},"3":{"name":"(anonymous_3)","decl":{"start":{"line":34,"column":28},"end":{"line":34,"column":29}},"loc":{"start":{"line":35,"column":8},"end":{"line":35,"column":58}},"line":35},"4":{"name":"sendMessage","decl":{"start":{"line":40,"column":9},"end":{"line":40,"column":20}},"loc":{"start":{"line":40,"column":48},"end":{"line":52,"column":1}},"line":40},"5":{"name":"getRoomMessages","decl":{"start":{"line":55,"column":9},"end":{"line":55,"column":24}},"loc":{"start":{"line":55,"column":45},"end":{"line":61,"column":1}},"line":55},"6":{"name":"(anonymous_6)","decl":{"start":{"line":57,"column":16},"end":{"line":57,"column":17}},"loc":{"start":{"line":57,"column":23},"end":{"line":57,"column":44}},"line":57},"7":{"name":"(anonymous_7)","decl":{"start":{"line":58,"column":14},"end":{"line":58,"column":15}},"loc":{"start":{"line":58,"column":24},"end":{"line":58,"column":69}},"line":58},"8":{"name":"markMessagesAsRead","decl":{"start":{"line":64,"column":9},"end":{"line":64,"column":27}},"loc":{"start":{"line":64,"column":44},"end":{"line":70,"column":1}},"line":64},"9":{"name":"(anonymous_9)","decl":{"start":{"line":65,"column":21},"end":{"line":65,"column":22}},"loc":{"start":{"line":65,"column":28},"end":{"line":69,"column":5}},"line":65},"10":{"name":"getUnreadCount","decl":{"start":{"line":73,"column":9},"end":{"line":73,"column":23}},"loc":{"start":{"line":73,"column":32},"end":{"line":82,"column":1}},"line":73},"11":{"name":"(anonymous_11)","decl":{"start":{"line":75,"column":34},"end":{"line":75,"column":35}},"loc":{"start":{"line":75,"column":39},"end":{"line":75,"column":43}},"line":75},"12":{"name":"(anonymous_12)","decl":{"start":{"line":77,"column":27},"end":{"line":77,"column":28}},"loc":{"start":{"line":78,"column":8},"end":{"line":80,"column":17}},"line":78}},"branchMap":{"0":{"loc":{"start":{"line":12,"column":8},"end":{"line":13,"column":62}},"type":"binary-expr","locations":[{"start":{"line":12,"column":9},"end":{"line":12,"column":33}},{"start":{"line":12,"column":37},"end":{"line":12,"column":61}},{"start":{"line":13,"column":9},"end":{"line":13,"column":33}},{"start":{"line":13,"column":37},"end":{"line":13,"column":61}}],"line":12},"1":{"loc":{"start":{"line":16,"column":4},"end":{"line":18,"column":5}},"type":"if","locations":[{"start":{"line":16,"column":4},"end":{"line":18,"column":5}},{"start":{},"end":{}}],"line":16},"2":{"loc":{"start":{"line":35,"column":8},"end":{"line":35,"column":58}},"type":"binary-expr","locations":[{"start":{"line":35,"column":8},"end":{"line":35,"column":31}},{"start":{"line":35,"column":35},"end":{"line":35,"column":58}}],"line":35},"3":{"loc":{"start":{"line":55,"column":33},"end":{"line":55,"column":43}},"type":"default-arg","locations":[{"start":{"line":55,"column":41},"end":{"line":55,"column":43}}],"line":55},"4":{"loc":{"start":{"line":66,"column":8},"end":{"line":68,"column":9}},"type":"if","locations":[{"start":{"line":66,"column":8},"end":{"line":68,"column":9}},{"start":{},"end":{}}],"line":66},"5":{"loc":{"start":{"line":66,"column":12},"end":{"line":66,"column":60}},"type":"binary-expr","locations":[{"start":{"line":66,"column":12},"end":{"line":66,"column":33}},{"start":{"line":66,"column":37},"end":{"line":66,"column":60}}],"line":66},"6":{"loc":{"start":{"line":78,"column":8},"end":{"line":80,"column":17}},"type":"binary-expr","locations":[{"start":{"line":78,"column":8},"end":{"line":78,"column":36}},{"start":{"line":79,"column":8},"end":{"line":79,"column":31}},{"start":{"line":80,"column":8},"end":{"line":80,"column":17}}],"line":78}},"s":{"0":1,"1":1,"2":1,"3":1,"4":0,"5":0,"6":0,"7":0,"8":0,"9":0,"10":0,"11":0,"12":0,"13":0,"14":0,"15":0,"16":0,"17":0,"18":0,"19":0,"20":0,"21":0,"22":0,"23":0,"24":0,"25":0,"26":0,"27":1},"f":{"0":0,"1":0,"2":0,"3":0,"4":0,"5":0,"6":0,"7":0,"8":0,"9":0,"10":0,"11":0,"12":0},"b":{"0":[0,0,0,0],"1":[0,0],"2":[0,0],"3":[0],"4":[0,0],"5":[0,0],"6":[0,0,0]},"_coverageSchema":"1a1c01bbd47fc00a2c39e90264f33305004495a9","hash":"a35deba4fa2d51696a83d7be5f4beec90a4efcf0"}
,"C:\\Users\\ideqt\\Downloads\\tutor-demo-full\\backend\\src\\index.js": {"path":"C:\\Users\\ideqt\\Downloads\\tutor-demo-full\\backend\\src\\index.js","statementMap":{"0":{"start":{"line":1,"column":16},"end":{"line":1,"column":34}},"1":{"start":{"line":2,"column":13},"end":{"line":2,"column":28}},"2":{"start":{"line":3,"column":14},"end":{"line":3,"column":30}},"3":{"start":{"line":4,"column":15},"end":{"line":4,"column":34}},"4":{"start":{"line":5,"column":69},"end":{"line":5,"column":97}},"5":{"start":{"line":6,"column":13},"end":{"line":6,"column":30}},"6":{"start":{"line":7,"column":0},"end":{"line":7,"column":27}},"7":{"start":{"line":9,"column":12},"end":{"line":9,"column":21}},"8":{"start":{"line":10,"column":13},"end":{"line":10,"column":37}},"9":{"start":{"line":11,"column":23},"end":{"line":11,"column":76}},"10":{"start":{"line":14,"column":0},"end":{"line":14,"column":16}},"11":{"start":{"line":15,"column":0},"end":{"line":15,"column":24}},"12":{"start":{"line":16,"column":0},"end":{"line":16,"column":48}},"13":{"start":{"line":20,"column":14},"end":{"line":29,"column":1}},"14":{"start":{"line":30,"column":16},"end":{"line":35,"column":1}},"15":{"start":{"line":38,"column":17},"end":{"line":38,"column":19}},"16":{"start":{"line":39,"column":23},"end":{"line":39,"column":24}},"17":{"start":{"line":42,"column":16},"end":{"line":42,"column":18}},"18":{"start":{"line":43,"column":22},"end":{"line":43,"column":23}},"19":{"start":{"line":46,"column":22},"end":{"line":46,"column":24}},"20":{"start":{"line":47,"column":28},"end":{"line":47,"column":29}},"21":{"start":{"line":50,"column":24},"end":{"line":50,"column":26}},"22":{"start":{"line":53,"column":0},"end":{"line":59,"column":3}},"23":{"start":{"line":54,"column":4},"end":{"line":58,"column":7}},"24":{"start":{"line":62,"column":0},"end":{"line":108,"column":3}},"25":{"start":{"line":63,"column":4},"end":{"line":107,"column":5}},"26":{"start":{"line":64,"column":64},"end":{"line":64,"column":72}},"27":{"start":{"line":66,"column":8},"end":{"line":68,"column":9}},"28":{"start":{"line":67,"column":12},"end":{"line":67,"column":97}},"29":{"start":{"line":70,"column":8},"end":{"line":72,"column":9}},"30":{"start":{"line":71,"column":12},"end":{"line":71,"column":93}},"31":{"start":{"line":74,"column":27},"end":{"line":74,"column":47}},"32":{"start":{"line":75,"column":8},"end":{"line":77,"column":9}},"33":{"start":{"line":76,"column":12},"end":{"line":76,"column":93}},"34":{"start":{"line":79,"column":29},"end":{"line":79,"column":63}},"35":{"start":{"line":79,"column":45},"end":{"line":79,"column":62}},"36":{"start":{"line":80,"column":8},"end":{"line":82,"column":9}},"37":{"start":{"line":81,"column":12},"end":{"line":81,"column":74}},"38":{"start":{"line":84,"column":31},"end":{"line":84,"column":62}},"39":{"start":{"line":86,"column":24},"end":{"line":93,"column":9}},"40":{"start":{"line":95,"column":8},"end":{"line":95,"column":28}},"41":{"start":{"line":97,"column":22},"end":{"line":97,"column":44}},"42":{"start":{"line":99,"column":56},"end":{"line":99,"column":63}},"43":{"start":{"line":101,"column":8},"end":{"line":104,"column":11}},"44":{"start":{"line":106,"column":8},"end":{"line":106,"column":55}},"45":{"start":{"line":110,"column":0},"end":{"line":139,"column":3}},"46":{"start":{"line":111,"column":4},"end":{"line":138,"column":5}},"47":{"start":{"line":112,"column":36},"end":{"line":112,"column":44}},"48":{"start":{"line":114,"column":8},"end":{"line":116,"column":9}},"49":{"start":{"line":115,"column":12},"end":{"line":115,"column":86}},"50":{"start":{"line":118,"column":21},"end":{"line":118,"column":55}},"51":{"start":{"line":118,"column":37},"end":{"line":118,"column":54}},"52":{"start":{"line":119,"column":8},"end":{"line":121,"column":9}},"53":{"start":{"line":120,"column":12},"end":{"line":120,"column":74}},"54":{"start":{"line":123,"column":32},"end":{"line":123,"column":77}},"55":{"start":{"line":124,"column":8},"end":{"line":126,"column":9}},"56":{"start":{"line":125,"column":12},"end":{"line":125,"column":74}},"57":{"start":{"line":128,"column":22},"end":{"line":128,"column":41}},"58":{"start":{"line":130,"column":56},"end":{"line":130,"column":60}},"59":{"start":{"line":132,"column":8},"end":{"line":135,"column":11}},"60":{"start":{"line":137,"column":8},"end":{"line":137,"column":55}},"61":{"start":{"line":141,"column":0},"end":{"line":149,"column":3}},"62":{"start":{"line":142,"column":17},"end":{"line":142,"column":54}},"63":{"start":{"line":142,"column":33},"end":{"line":142,"column":53}},"64":{"start":{"line":143,"column":4},"end":{"line":145,"column":5}},"65":{"start":{"line":144,"column":8},"end":{"line":144,"column":65}},"66":{"start":{"line":147,"column":52},"end":{"line":147,"column":56}},"67":{"start":{"line":148,"column":4},"end":{"line":148,"column":34}},"68":{"start":{"line":152,"column":0},"end":{"line":156,"column":3}},"69":{"start":{"line":153,"column":4},"end":{"line":155,"column":7}},"70":{"start":{"line":158,"column":0},"end":{"line":161,"column":3}},"71":{"start":{"line":159,"column":34},"end":{"line":159,"column":76}},"72":{"start":{"line":159,"column":71},"end":{"line":159,"column":75}},"73":{"start":{"line":160,"column":4},"end":{"line":160,"column":47}},"74":{"start":{"line":163,"column":0},"end":{"line":175,"column":3}},"75":{"start":{"line":164,"column":18},"end":{"line":173,"column":5}},"76":{"start":{"line":168,"column":40},"end":{"line":168,"column":60}},"77":{"start":{"line":169,"column":38},"end":{"line":169,"column":56}},"78":{"start":{"line":170,"column":38},"end":{"line":170,"column":56}},"79":{"start":{"line":172,"column":53},"end":{"line":172,"column":69}},"80":{"start":{"line":174,"column":4},"end":{"line":174,"column":20}},"81":{"start":{"line":177,"column":0},"end":{"line":191,"column":3}},"82":{"start":{"line":178,"column":19},"end":{"line":178,"column":42}},"83":{"start":{"line":179,"column":22},"end":{"line":179,"column":59}},"84":{"start":{"line":179,"column":43},"end":{"line":179,"column":58}},"85":{"start":{"line":181,"column":4},"end":{"line":183,"column":5}},"86":{"start":{"line":182,"column":8},"end":{"line":182,"column":65}},"87":{"start":{"line":185,"column":4},"end":{"line":187,"column":5}},"88":{"start":{"line":186,"column":8},"end":{"line":186,"column":76}},"89":{"start":{"line":189,"column":4},"end":{"line":189,"column":31}},"90":{"start":{"line":190,"column":4},"end":{"line":190,"column":55}},"91":{"start":{"line":193,"column":0},"end":{"line":212,"column":3}},"92":{"start":{"line":194,"column":38},"end":{"line":194,"column":46}},"93":{"start":{"line":196,"column":4},"end":{"line":198,"column":5}},"94":{"start":{"line":197,"column":8},"end":{"line":197,"column":89}},"95":{"start":{"line":200,"column":22},"end":{"line":208,"column":5}},"96":{"start":{"line":210,"column":4},"end":{"line":210,"column":28}},"97":{"start":{"line":211,"column":4},"end":{"line":211,"column":36}},"98":{"start":{"line":214,"column":0},"end":{"line":217,"column":3}},"99":{"start":{"line":215,"column":25},"end":{"line":215,"column":71}},"100":{"start":{"line":215,"column":45},"end":{"line":215,"column":70}},"101":{"start":{"line":216,"column":4},"end":{"line":216,"column":40}},"102":{"start":{"line":221,"column":4},"end":{"line":225,"column":6}},"103":{"start":{"line":222,"column":8},"end":{"line":224,"column":51}},"104":{"start":{"line":229,"column":4},"end":{"line":233,"column":6}},"105":{"start":{"line":230,"column":8},"end":{"line":232,"column":51}},"106":{"start":{"line":237,"column":4},"end":{"line":239,"column":5}},"107":{"start":{"line":238,"column":8},"end":{"line":238,"column":57}},"108":{"start":{"line":238,"column":33},"end":{"line":238,"column":55}},"109":{"start":{"line":241,"column":4},"end":{"line":251,"column":5}},"110":{"start":{"line":242,"column":32},"end":{"line":244,"column":9}},"111":{"start":{"line":243,"column":12},"end":{"line":243,"column":76}},"112":{"start":{"line":245,"column":25},"end":{"line":245,"column":100}},"113":{"start":{"line":245,"column":62},"end":{"line":245,"column":71}},"114":{"start":{"line":245,"column":86},"end":{"line":245,"column":97}},"115":{"start":{"line":247,"column":8},"end":{"line":250,"column":10}},"116":{"start":{"line":248,"column":12},"end":{"line":249,"column":59}},"117":{"start":{"line":253,"column":4},"end":{"line":261,"column":5}},"118":{"start":{"line":254,"column":29},"end":{"line":254,"column":77}},"119":{"start":{"line":254,"column":49},"end":{"line":254,"column":76}},"120":{"start":{"line":255,"column":27},"end":{"line":255,"column":92}},"121":{"start":{"line":255,"column":65},"end":{"line":255,"column":89}},"122":{"start":{"line":257,"column":8},"end":{"line":260,"column":10}},"123":{"start":{"line":258,"column":12},"end":{"line":259,"column":61}},"124":{"start":{"line":263,"column":4},"end":{"line":263,"column":14}},"125":{"start":{"line":267,"column":0},"end":{"line":271,"column":3}},"126":{"start":{"line":268,"column":25},"end":{"line":268,"column":72}},"127":{"start":{"line":269,"column":34},"end":{"line":269,"column":83}},"128":{"start":{"line":269,"column":78},"end":{"line":269,"column":82}},"129":{"start":{"line":270,"column":4},"end":{"line":270,"column":47}},"130":{"start":{"line":273,"column":0},"end":{"line":299,"column":3}},"131":{"start":{"line":274,"column":23},"end":{"line":274,"column":31}},"132":{"start":{"line":276,"column":4},"end":{"line":278,"column":5}},"133":{"start":{"line":277,"column":8},"end":{"line":277,"column":69}},"134":{"start":{"line":280,"column":22},"end":{"line":280,"column":54}},"135":{"start":{"line":280,"column":38},"end":{"line":280,"column":53}},"136":{"start":{"line":281,"column":4},"end":{"line":283,"column":5}},"137":{"start":{"line":282,"column":8},"end":{"line":282,"column":65}},"138":{"start":{"line":285,"column":25},"end":{"line":285,"column":72}},"139":{"start":{"line":286,"column":20},"end":{"line":286,"column":59}},"140":{"start":{"line":286,"column":43},"end":{"line":286,"column":58}},"141":{"start":{"line":288,"column":4},"end":{"line":295,"column":5}},"142":{"start":{"line":289,"column":8},"end":{"line":294,"column":11}},"143":{"start":{"line":297,"column":17},"end":{"line":297,"column":58}},"144":{"start":{"line":298,"column":4},"end":{"line":298,"column":108}},"145":{"start":{"line":301,"column":0},"end":{"line":317,"column":3}},"146":{"start":{"line":302,"column":18},"end":{"line":302,"column":48}},"147":{"start":{"line":304,"column":26},"end":{"line":314,"column":6}},"148":{"start":{"line":305,"column":28},"end":{"line":305,"column":86}},"149":{"start":{"line":306,"column":26},"end":{"line":306,"column":63}},"150":{"start":{"line":306,"column":42},"end":{"line":306,"column":62}},"151":{"start":{"line":307,"column":29},"end":{"line":307,"column":61}},"152":{"start":{"line":309,"column":8},"end":{"line":313,"column":10}},"153":{"start":{"line":316,"column":4},"end":{"line":316,"column":39}},"154":{"start":{"line":319,"column":0},"end":{"line":328,"column":3}},"155":{"start":{"line":320,"column":32},"end":{"line":320,"column":40}},"156":{"start":{"line":322,"column":4},"end":{"line":324,"column":5}},"157":{"start":{"line":323,"column":8},"end":{"line":323,"column":82}},"158":{"start":{"line":326,"column":20},"end":{"line":326,"column":66}},"159":{"start":{"line":327,"column":4},"end":{"line":327,"column":26}},"160":{"start":{"line":330,"column":0},"end":{"line":337,"column":3}},"161":{"start":{"line":331,"column":19},"end":{"line":331,"column":46}},"162":{"start":{"line":332,"column":21},"end":{"line":332,"column":49}},"163":{"start":{"line":334,"column":4},"end":{"line":334,"column":49}},"164":{"start":{"line":336,"column":4},"end":{"line":336,"column":27}},"165":{"start":{"line":339,"column":0},"end":{"line":342,"column":3}},"166":{"start":{"line":340,"column":18},"end":{"line":340,"column":50}},"167":{"start":{"line":341,"column":4},"end":{"line":341,"column":37}},"168":{"start":{"line":344,"column":0},"end":{"line":352,"column":3}},"169":{"start":{"line":345,"column":17},"end":{"line":345,"column":66}},"170":{"start":{"line":345,"column":33},"end":{"line":345,"column":65}},"171":{"start":{"line":346,"column":4},"end":{"line":348,"column":5}},"172":{"start":{"line":347,"column":8},"end":{"line":347,"column":65}},"173":{"start":{"line":350,"column":52},"end":{"line":350,"column":56}},"174":{"start":{"line":351,"column":4},"end":{"line":351,"column":34}},"175":{"start":{"line":355,"column":0},"end":{"line":367,"column":3}},"176":{"start":{"line":356,"column":31},"end":{"line":356,"column":40}},"177":{"start":{"line":357,"column":26},"end":{"line":357,"column":33}},"178":{"start":{"line":359,"column":4},"end":{"line":361,"column":5}},"179":{"start":{"line":360,"column":8},"end":{"line":360,"column":77}},"180":{"start":{"line":360,"column":54},"end":{"line":360,"column":75}},"181":{"start":{"line":362,"column":4},"end":{"line":364,"column":5}},"182":{"start":{"line":363,"column":8},"end":{"line":363,"column":73}},"183":{"start":{"line":363,"column":54},"end":{"line":363,"column":71}},"184":{"start":{"line":366,"column":4},"end":{"line":366,"column":43}},"185":{"start":{"line":369,"column":0},"end":{"line":375,"column":3}},"186":{"start":{"line":370,"column":19},"end":{"line":370,"column":70}},"187":{"start":{"line":370,"column":37},"end":{"line":370,"column":69}},"188":{"start":{"line":371,"column":4},"end":{"line":373,"column":5}},"189":{"start":{"line":372,"column":8},"end":{"line":372,"column":67}},"190":{"start":{"line":374,"column":4},"end":{"line":374,"column":21}},"191":{"start":{"line":377,"column":0},"end":{"line":407,"column":3}},"192":{"start":{"line":378,"column":19},"end":{"line":378,"column":70}},"193":{"start":{"line":378,"column":37},"end":{"line":378,"column":69}},"194":{"start":{"line":380,"column":4},"end":{"line":382,"column":5}},"195":{"start":{"line":381,"column":8},"end":{"line":381,"column":67}},"196":{"start":{"line":384,"column":17},"end":{"line":384,"column":54}},"197":{"start":{"line":384,"column":33},"end":{"line":384,"column":53}},"198":{"start":{"line":385,"column":4},"end":{"line":387,"column":5}},"199":{"start":{"line":386,"column":8},"end":{"line":386,"column":65}},"200":{"start":{"line":390,"column":4},"end":{"line":392,"column":5}},"201":{"start":{"line":391,"column":8},"end":{"line":391,"column":82}},"202":{"start":{"line":394,"column":4},"end":{"line":394,"column":25}},"203":{"start":{"line":395,"column":4},"end":{"line":397,"column":5}},"204":{"start":{"line":396,"column":8},"end":{"line":396,"column":37}},"205":{"start":{"line":398,"column":4},"end":{"line":398,"column":46}},"206":{"start":{"line":400,"column":52},"end":{"line":400,"column":56}},"207":{"start":{"line":402,"column":4},"end":{"line":406,"column":7}},"208":{"start":{"line":410,"column":0},"end":{"line":432,"column":3}},"209":{"start":{"line":411,"column":4},"end":{"line":431,"column":5}},"210":{"start":{"line":412,"column":38},"end":{"line":412,"column":46}},"211":{"start":{"line":414,"column":8},"end":{"line":416,"column":9}},"212":{"start":{"line":415,"column":12},"end":{"line":415,"column":75}},"213":{"start":{"line":418,"column":27},"end":{"line":422,"column":10}},"214":{"start":{"line":424,"column":8},"end":{"line":424,"column":34}},"215":{"start":{"line":426,"column":8},"end":{"line":426,"column":58}},"216":{"start":{"line":427,"column":8},"end":{"line":430,"column":11}},"217":{"start":{"line":434,"column":0},"end":{"line":449,"column":3}},"218":{"start":{"line":435,"column":4},"end":{"line":448,"column":5}},"219":{"start":{"line":436,"column":37},"end":{"line":436,"column":45}},"220":{"start":{"line":438,"column":27},"end":{"line":442,"column":10}},"221":{"start":{"line":444,"column":8},"end":{"line":444,"column":34}},"222":{"start":{"line":446,"column":8},"end":{"line":446,"column":58}},"223":{"start":{"line":447,"column":8},"end":{"line":447,"column":66}},"224":{"start":{"line":453,"column":0},"end":{"line":504,"column":3}},"225":{"start":{"line":454,"column":4},"end":{"line":503,"column":5}},"226":{"start":{"line":455,"column":96},"end":{"line":455,"column":104}},"227":{"start":{"line":457,"column":8},"end":{"line":459,"column":9}},"228":{"start":{"line":458,"column":12},"end":{"line":458,"column":106}},"229":{"start":{"line":461,"column":23},"end":{"line":461,"column":69}},"230":{"start":{"line":461,"column":41},"end":{"line":461,"column":68}},"231":{"start":{"line":462,"column":8},"end":{"line":464,"column":9}},"232":{"start":{"line":463,"column":12},"end":{"line":463,"column":71}},"233":{"start":{"line":466,"column":8},"end":{"line":468,"column":9}},"234":{"start":{"line":467,"column":12},"end":{"line":467,"column":104}},"235":{"start":{"line":470,"column":24},"end":{"line":485,"column":9}},"236":{"start":{"line":487,"column":8},"end":{"line":487,"column":31}},"237":{"start":{"line":490,"column":8},"end":{"line":498,"column":11}},"238":{"start":{"line":491,"column":12},"end":{"line":497,"column":14}},"239":{"start":{"line":500,"column":8},"end":{"line":500,"column":42}},"240":{"start":{"line":502,"column":8},"end":{"line":502,"column":55}},"241":{"start":{"line":507,"column":0},"end":{"line":539,"column":3}},"242":{"start":{"line":508,"column":4},"end":{"line":538,"column":5}},"243":{"start":{"line":509,"column":43},"end":{"line":509,"column":52}},"244":{"start":{"line":510,"column":23},"end":{"line":510,"column":31}},"245":{"start":{"line":512,"column":8},"end":{"line":514,"column":9}},"246":{"start":{"line":513,"column":12},"end":{"line":513,"column":79}},"247":{"start":{"line":513,"column":44},"end":{"line":513,"column":77}},"248":{"start":{"line":516,"column":8},"end":{"line":518,"column":9}},"249":{"start":{"line":517,"column":12},"end":{"line":517,"column":61}},"250":{"start":{"line":517,"column":44},"end":{"line":517,"column":59}},"251":{"start":{"line":520,"column":8},"end":{"line":522,"column":9}},"252":{"start":{"line":521,"column":12},"end":{"line":521,"column":65}},"253":{"start":{"line":521,"column":44},"end":{"line":521,"column":63}},"254":{"start":{"line":525,"column":8},"end":{"line":533,"column":9}},"255":{"start":{"line":526,"column":12},"end":{"line":526,"column":71}},"256":{"start":{"line":526,"column":44},"end":{"line":526,"column":69}},"257":{"start":{"line":527,"column":15},"end":{"line":533,"column":9}},"258":{"start":{"line":529,"column":38},"end":{"line":531,"column":31}},"259":{"start":{"line":530,"column":29},"end":{"line":530,"column":69}},"260":{"start":{"line":531,"column":26},"end":{"line":531,"column":30}},"261":{"start":{"line":532,"column":12},"end":{"line":532,"column":84}},"262":{"start":{"line":532,"column":44},"end":{"line":532,"column":82}},"263":{"start":{"line":535,"column":8},"end":{"line":535,"column":41}},"264":{"start":{"line":537,"column":8},"end":{"line":537,"column":55}},"265":{"start":{"line":542,"column":0},"end":{"line":583,"column":3}},"266":{"start":{"line":543,"column":4},"end":{"line":582,"column":5}},"267":{"start":{"line":544,"column":26},"end":{"line":544,"column":49}},"268":{"start":{"line":545,"column":24},"end":{"line":545,"column":62}},"269":{"start":{"line":545,"column":43},"end":{"line":545,"column":61}},"270":{"start":{"line":547,"column":8},"end":{"line":549,"column":9}},"271":{"start":{"line":548,"column":12},"end":{"line":548,"column":72}},"272":{"start":{"line":551,"column":8},"end":{"line":553,"column":9}},"273":{"start":{"line":552,"column":12},"end":{"line":552,"column":91}},"274":{"start":{"line":555,"column":23},"end":{"line":555,"column":67}},"275":{"start":{"line":555,"column":41},"end":{"line":555,"column":66}},"276":{"start":{"line":556,"column":8},"end":{"line":558,"column":9}},"277":{"start":{"line":557,"column":12},"end":{"line":557,"column":110}},"278":{"start":{"line":560,"column":8},"end":{"line":562,"column":9}},"279":{"start":{"line":561,"column":12},"end":{"line":561,"column":91}},"280":{"start":{"line":564,"column":8},"end":{"line":566,"column":9}},"281":{"start":{"line":565,"column":12},"end":{"line":565,"column":78}},"282":{"start":{"line":568,"column":8},"end":{"line":568,"column":49}},"283":{"start":{"line":571,"column":8},"end":{"line":577,"column":10}},"284":{"start":{"line":579,"column":8},"end":{"line":579,"column":70}},"285":{"start":{"line":581,"column":8},"end":{"line":581,"column":55}},"286":{"start":{"line":586,"column":0},"end":{"line":615,"column":3}},"287":{"start":{"line":587,"column":4},"end":{"line":614,"column":5}},"288":{"start":{"line":588,"column":26},"end":{"line":588,"column":49}},"289":{"start":{"line":589,"column":24},"end":{"line":589,"column":62}},"290":{"start":{"line":589,"column":43},"end":{"line":589,"column":61}},"291":{"start":{"line":591,"column":8},"end":{"line":593,"column":9}},"292":{"start":{"line":592,"column":12},"end":{"line":592,"column":72}},"293":{"start":{"line":595,"column":22},"end":{"line":595,"column":65}},"294":{"start":{"line":596,"column":8},"end":{"line":598,"column":9}},"295":{"start":{"line":597,"column":12},"end":{"line":597,"column":87}},"296":{"start":{"line":600,"column":8},"end":{"line":600,"column":48}},"297":{"start":{"line":603,"column":8},"end":{"line":609,"column":10}},"298":{"start":{"line":611,"column":8},"end":{"line":611,"column":64}},"299":{"start":{"line":613,"column":8},"end":{"line":613,"column":55}},"300":{"start":{"line":618,"column":0},"end":{"line":656,"column":3}},"301":{"start":{"line":619,"column":4},"end":{"line":655,"column":5}},"302":{"start":{"line":620,"column":26},"end":{"line":620,"column":49}},"303":{"start":{"line":621,"column":24},"end":{"line":621,"column":62}},"304":{"start":{"line":621,"column":43},"end":{"line":621,"column":61}},"305":{"start":{"line":623,"column":8},"end":{"line":625,"column":9}},"306":{"start":{"line":624,"column":12},"end":{"line":624,"column":72}},"307":{"start":{"line":627,"column":8},"end":{"line":629,"column":9}},"308":{"start":{"line":628,"column":12},"end":{"line":628,"column":92}},"309":{"start":{"line":631,"column":89},"end":{"line":631,"column":97}},"310":{"start":{"line":633,"column":8},"end":{"line":633,"column":38}},"311":{"start":{"line":633,"column":18},"end":{"line":633,"column":38}},"312":{"start":{"line":634,"column":8},"end":{"line":634,"column":53}},"313":{"start":{"line":634,"column":23},"end":{"line":634,"column":53}},"314":{"start":{"line":635,"column":8},"end":{"line":635,"column":47}},"315":{"start":{"line":635,"column":21},"end":{"line":635,"column":47}},"316":{"start":{"line":636,"column":8},"end":{"line":636,"column":59}},"317":{"start":{"line":636,"column":25},"end":{"line":636,"column":59}},"318":{"start":{"line":637,"column":8},"end":{"line":637,"column":50}},"319":{"start":{"line":637,"column":22},"end":{"line":637,"column":50}},"320":{"start":{"line":638,"column":8},"end":{"line":638,"column":73}},"321":{"start":{"line":638,"column":39},"end":{"line":638,"column":73}},"322":{"start":{"line":639,"column":8},"end":{"line":639,"column":44}},"323":{"start":{"line":639,"column":20},"end":{"line":639,"column":44}},"324":{"start":{"line":642,"column":8},"end":{"line":650,"column":11}},"325":{"start":{"line":643,"column":12},"end":{"line":649,"column":14}},"326":{"start":{"line":652,"column":8},"end":{"line":652,"column":71}},"327":{"start":{"line":654,"column":8},"end":{"line":654,"column":55}},"328":{"start":{"line":659,"column":0},"end":{"line":691,"column":3}},"329":{"start":{"line":660,"column":4},"end":{"line":690,"column":5}},"330":{"start":{"line":661,"column":26},"end":{"line":661,"column":49}},"331":{"start":{"line":662,"column":29},"end":{"line":662,"column":72}},"332":{"start":{"line":662,"column":53},"end":{"line":662,"column":71}},"333":{"start":{"line":664,"column":8},"end":{"line":666,"column":9}},"334":{"start":{"line":665,"column":12},"end":{"line":665,"column":72}},"335":{"start":{"line":668,"column":24},"end":{"line":668,"column":46}},"336":{"start":{"line":670,"column":8},"end":{"line":672,"column":9}},"337":{"start":{"line":671,"column":12},"end":{"line":671,"column":92}},"338":{"start":{"line":675,"column":8},"end":{"line":683,"column":11}},"339":{"start":{"line":676,"column":12},"end":{"line":682,"column":14}},"340":{"start":{"line":685,"column":8},"end":{"line":685,"column":41}},"341":{"start":{"line":687,"column":8},"end":{"line":687,"column":62}},"342":{"start":{"line":689,"column":8},"end":{"line":689,"column":55}},"343":{"start":{"line":695,"column":0},"end":{"line":752,"column":3}},"344":{"start":{"line":696,"column":4},"end":{"line":751,"column":5}},"345":{"start":{"line":697,"column":48},"end":{"line":697,"column":56}},"346":{"start":{"line":699,"column":8},"end":{"line":701,"column":9}},"347":{"start":{"line":700,"column":12},"end":{"line":700,"column":89}},"348":{"start":{"line":703,"column":8},"end":{"line":705,"column":9}},"349":{"start":{"line":704,"column":12},"end":{"line":704,"column":85}},"350":{"start":{"line":707,"column":24},"end":{"line":707,"column":72}},"351":{"start":{"line":707,"column":43},"end":{"line":707,"column":71}},"352":{"start":{"line":708,"column":8},"end":{"line":710,"column":9}},"353":{"start":{"line":709,"column":12},"end":{"line":709,"column":72}},"354":{"start":{"line":712,"column":8},"end":{"line":714,"column":9}},"355":{"start":{"line":713,"column":12},"end":{"line":713,"column":94}},"356":{"start":{"line":717,"column":31},"end":{"line":717,"column":116}},"357":{"start":{"line":717,"column":49},"end":{"line":717,"column":115}},"358":{"start":{"line":718,"column":8},"end":{"line":720,"column":9}},"359":{"start":{"line":719,"column":12},"end":{"line":719,"column":90}},"360":{"start":{"line":722,"column":26},"end":{"line":732,"column":9}},"361":{"start":{"line":734,"column":8},"end":{"line":734,"column":32}},"362":{"start":{"line":737,"column":8},"end":{"line":737,"column":79}},"363":{"start":{"line":740,"column":8},"end":{"line":746,"column":10}},"364":{"start":{"line":748,"column":8},"end":{"line":748,"column":52}},"365":{"start":{"line":750,"column":8},"end":{"line":750,"column":55}},"366":{"start":{"line":755,"column":0},"end":{"line":772,"column":3}},"367":{"start":{"line":756,"column":4},"end":{"line":771,"column":5}},"368":{"start":{"line":757,"column":24},"end":{"line":757,"column":52}},"369":{"start":{"line":758,"column":29},"end":{"line":758,"column":71}},"370":{"start":{"line":758,"column":49},"end":{"line":758,"column":70}},"371":{"start":{"line":760,"column":26},"end":{"line":762,"column":15}},"372":{"start":{"line":761,"column":46},"end":{"line":761,"column":60}},"373":{"start":{"line":764,"column":8},"end":{"line":768,"column":11}},"374":{"start":{"line":770,"column":8},"end":{"line":770,"column":55}},"375":{"start":{"line":775,"column":0},"end":{"line":792,"column":3}},"376":{"start":{"line":776,"column":4},"end":{"line":791,"column":5}},"377":{"start":{"line":777,"column":25},"end":{"line":777,"column":54}},"378":{"start":{"line":778,"column":30},"end":{"line":778,"column":74}},"379":{"start":{"line":778,"column":50},"end":{"line":778,"column":73}},"380":{"start":{"line":780,"column":26},"end":{"line":782,"column":15}},"381":{"start":{"line":781,"column":47},"end":{"line":781,"column":61}},"382":{"start":{"line":784,"column":8},"end":{"line":788,"column":11}},"383":{"start":{"line":790,"column":8},"end":{"line":790,"column":55}},"384":{"start":{"line":797,"column":25},"end":{"line":806,"column":5}},"385":{"start":{"line":807,"column":4},"end":{"line":807,"column":37}},"386":{"start":{"line":808,"column":4},"end":{"line":808,"column":24}},"387":{"start":{"line":812,"column":0},"end":{"line":827,"column":3}},"388":{"start":{"line":813,"column":4},"end":{"line":826,"column":5}},"389":{"start":{"line":814,"column":34},"end":{"line":816,"column":74}},"390":{"start":{"line":815,"column":25},"end":{"line":815,"column":49}},"391":{"start":{"line":816,"column":28},"end":{"line":816,"column":73}},"392":{"start":{"line":818,"column":28},"end":{"line":818,"column":73}},"393":{"start":{"line":818,"column":58},"end":{"line":818,"column":65}},"394":{"start":{"line":820,"column":8},"end":{"line":823,"column":11}},"395":{"start":{"line":825,"column":8},"end":{"line":825,"column":55}},"396":{"start":{"line":830,"column":0},"end":{"line":849,"column":3}},"397":{"start":{"line":831,"column":4},"end":{"line":848,"column":5}},"398":{"start":{"line":832,"column":31},"end":{"line":832,"column":54}},"399":{"start":{"line":833,"column":29},"end":{"line":833,"column":77}},"400":{"start":{"line":833,"column":53},"end":{"line":833,"column":76}},"401":{"start":{"line":835,"column":8},"end":{"line":837,"column":9}},"402":{"start":{"line":836,"column":12},"end":{"line":836,"column":77}},"403":{"start":{"line":839,"column":8},"end":{"line":841,"column":9}},"404":{"start":{"line":840,"column":12},"end":{"line":840,"column":67}},"405":{"start":{"line":843,"column":8},"end":{"line":843,"column":33}},"406":{"start":{"line":845,"column":8},"end":{"line":845,"column":35}},"407":{"start":{"line":847,"column":8},"end":{"line":847,"column":55}},"408":{"start":{"line":852,"column":0},"end":{"line":862,"column":3}},"409":{"start":{"line":853,"column":4},"end":{"line":861,"column":5}},"410":{"start":{"line":854,"column":8},"end":{"line":856,"column":41}},"411":{"start":{"line":855,"column":25},"end":{"line":855,"column":60}},"412":{"start":{"line":856,"column":26},"end":{"line":856,"column":39}},"413":{"start":{"line":858,"column":8},"end":{"line":858,"column":66}},"414":{"start":{"line":860,"column":8},"end":{"line":860,"column":55}},"415":{"start":{"line":865,"column":0},"end":{"line":886,"column":3}},"416":{"start":{"line":866,"column":4},"end":{"line":885,"column":5}},"417":{"start":{"line":867,"column":31},"end":{"line":867,"column":54}},"418":{"start":{"line":868,"column":34},"end":{"line":868,"column":87}},"419":{"start":{"line":868,"column":63},"end":{"line":868,"column":86}},"420":{"start":{"line":870,"column":8},"end":{"line":872,"column":9}},"421":{"start":{"line":871,"column":12},"end":{"line":871,"column":77}},"422":{"start":{"line":874,"column":29},"end":{"line":874,"column":61}},"423":{"start":{"line":876,"column":8},"end":{"line":878,"column":9}},"424":{"start":{"line":877,"column":12},"end":{"line":877,"column":67}},"425":{"start":{"line":880,"column":8},"end":{"line":880,"column":51}},"426":{"start":{"line":882,"column":8},"end":{"line":882,"column":54}},"427":{"start":{"line":884,"column":8},"end":{"line":884,"column":55}},"428":{"start":{"line":891,"column":21},"end":{"line":893,"column":5}},"429":{"start":{"line":892,"column":13},"end":{"line":892,"column":94}},"430":{"start":{"line":895,"column":4},"end":{"line":907,"column":5}},"431":{"start":{"line":896,"column":8},"end":{"line":896,"column":33}},"432":{"start":{"line":897,"column":8},"end":{"line":897,"column":54}},"433":{"start":{"line":899,"column":8},"end":{"line":906,"column":11}},"434":{"start":{"line":911,"column":0},"end":{"line":950,"column":3}},"435":{"start":{"line":912,"column":4},"end":{"line":949,"column":5}},"436":{"start":{"line":913,"column":26},"end":{"line":913,"column":56}},"437":{"start":{"line":916,"column":8},"end":{"line":918,"column":9}},"438":{"start":{"line":917,"column":12},"end":{"line":917,"column":67}},"439":{"start":{"line":920,"column":32},"end":{"line":920,"column":86}},"440":{"start":{"line":920,"column":60},"end":{"line":920,"column":85}},"441":{"start":{"line":923,"column":33},"end":{"line":923,"column":35}},"442":{"start":{"line":924,"column":8},"end":{"line":941,"column":11}},"443":{"start":{"line":925,"column":12},"end":{"line":934,"column":13}},"444":{"start":{"line":926,"column":31},"end":{"line":926,"column":69}},"445":{"start":{"line":926,"column":49},"end":{"line":926,"column":68}},"446":{"start":{"line":927,"column":16},"end":{"line":933,"column":18}},"447":{"start":{"line":936,"column":12},"end":{"line":936,"column":57}},"448":{"start":{"line":937,"column":12},"end":{"line":939,"column":13}},"449":{"start":{"line":938,"column":16},"end":{"line":938,"column":65}},"450":{"start":{"line":940,"column":12},"end":{"line":940,"column":58}},"451":{"start":{"line":943,"column":8},"end":{"line":946,"column":11}},"452":{"start":{"line":948,"column":8},"end":{"line":948,"column":55}},"453":{"start":{"line":953,"column":0},"end":{"line":995,"column":3}},"454":{"start":{"line":954,"column":4},"end":{"line":994,"column":5}},"455":{"start":{"line":955,"column":25},"end":{"line":955,"column":54}},"456":{"start":{"line":956,"column":23},"end":{"line":956,"column":59}},"457":{"start":{"line":956,"column":41},"end":{"line":956,"column":58}},"458":{"start":{"line":958,"column":8},"end":{"line":960,"column":9}},"459":{"start":{"line":959,"column":12},"end":{"line":959,"column":71}},"460":{"start":{"line":962,"column":8},"end":{"line":964,"column":9}},"461":{"start":{"line":963,"column":12},"end":{"line":963,"column":102}},"462":{"start":{"line":966,"column":31},"end":{"line":966,"column":83}},"463":{"start":{"line":966,"column":59},"end":{"line":966,"column":82}},"464":{"start":{"line":969,"column":34},"end":{"line":969,"column":36}},"465":{"start":{"line":970,"column":8},"end":{"line":985,"column":11}},"466":{"start":{"line":971,"column":12},"end":{"line":979,"column":13}},"467":{"start":{"line":972,"column":32},"end":{"line":972,"column":69}},"468":{"start":{"line":972,"column":48},"end":{"line":972,"column":68}},"469":{"start":{"line":973,"column":16},"end":{"line":978,"column":18}},"470":{"start":{"line":981,"column":12},"end":{"line":981,"column":59}},"471":{"start":{"line":982,"column":12},"end":{"line":984,"column":13}},"472":{"start":{"line":983,"column":16},"end":{"line":983,"column":67}},"473":{"start":{"line":987,"column":8},"end":{"line":991,"column":11}},"474":{"start":{"line":993,"column":8},"end":{"line":993,"column":55}},"475":{"start":{"line":999,"column":0},"end":{"line":1054,"column":3}},"476":{"start":{"line":1000,"column":4},"end":{"line":1053,"column":5}},"477":{"start":{"line":1001,"column":35},"end":{"line":1001,"column":44}},"478":{"start":{"line":1004,"column":23},"end":{"line":1004,"column":60}},"479":{"start":{"line":1004,"column":41},"end":{"line":1004,"column":59}},"480":{"start":{"line":1007,"column":26},"end":{"line":1045,"column":10}},"481":{"start":{"line":1008,"column":33},"end":{"line":1008,"column":76}},"482":{"start":{"line":1008,"column":53},"end":{"line":1008,"column":75}},"483":{"start":{"line":1009,"column":33},"end":{"line":1009,"column":76}},"484":{"start":{"line":1009,"column":53},"end":{"line":1009,"column":75}},"485":{"start":{"line":1010,"column":30},"end":{"line":1012,"column":19}},"486":{"start":{"line":1011,"column":50},"end":{"line":1011,"column":64}},"487":{"start":{"line":1014,"column":29},"end":{"line":1014,"column":30}},"488":{"start":{"line":1017,"column":12},"end":{"line":1020,"column":13}},"489":{"start":{"line":1018,"column":35},"end":{"line":1018,"column":80}},"490":{"start":{"line":1018,"column":58},"end":{"line":1018,"column":79}},"491":{"start":{"line":1019,"column":16},"end":{"line":1019,"column":49}},"492":{"start":{"line":1019,"column":32},"end":{"line":1019,"column":49}},"493":{"start":{"line":1023,"column":12},"end":{"line":1026,"column":13}},"494":{"start":{"line":1024,"column":33},"end":{"line":1024,"column":74}},"495":{"start":{"line":1024,"column":56},"end":{"line":1024,"column":73}},"496":{"start":{"line":1025,"column":16},"end":{"line":1025,"column":47}},"497":{"start":{"line":1025,"column":30},"end":{"line":1025,"column":47}},"498":{"start":{"line":1029,"column":12},"end":{"line":1029,"column":40}},"499":{"start":{"line":1031,"column":12},"end":{"line":1044,"column":14}},"500":{"start":{"line":1035,"column":48},"end":{"line":1040,"column":17}},"501":{"start":{"line":1048,"column":8},"end":{"line":1048,"column":62}},"502":{"start":{"line":1048,"column":33},"end":{"line":1048,"column":60}},"503":{"start":{"line":1050,"column":8},"end":{"line":1050,"column":40}},"504":{"start":{"line":1052,"column":8},"end":{"line":1052,"column":55}},"505":{"start":{"line":1057,"column":0},"end":{"line":1060,"column":3}},"506":{"start":{"line":1058,"column":4},"end":{"line":1058,"column":29}},"507":{"start":{"line":1059,"column":4},"end":{"line":1059,"column":61}},"508":{"start":{"line":1063,"column":0},"end":{"line":1065,"column":3}},"509":{"start":{"line":1064,"column":4},"end":{"line":1064,"column":55}},"510":{"start":{"line":1067,"column":15},"end":{"line":1070,"column":2}},"511":{"start":{"line":1068,"column":4},"end":{"line":1068,"column":70}},"512":{"start":{"line":1069,"column":4},"end":{"line":1069,"column":53}},"513":{"start":{"line":1072,"column":0},"end":{"line":1072,"column":33}}},"fnMap":{"0":{"name":"(anonymous_0)","decl":{"start":{"line":53,"column":19},"end":{"line":53,"column":20}},"loc":{"start":{"line":53,"column":33},"end":{"line":59,"column":1}},"line":53},"1":{"name":"(anonymous_1)","decl":{"start":{"line":62,"column":31},"end":{"line":62,"column":32}},"loc":{"start":{"line":62,"column":51},"end":{"line":108,"column":1}},"line":62},"2":{"name":"(anonymous_2)","decl":{"start":{"line":79,"column":40},"end":{"line":79,"column":41}},"loc":{"start":{"line":79,"column":45},"end":{"line":79,"column":62}},"line":79},"3":{"name":"(anonymous_3)","decl":{"start":{"line":110,"column":28},"end":{"line":110,"column":29}},"loc":{"start":{"line":110,"column":48},"end":{"line":139,"column":1}},"line":110},"4":{"name":"(anonymous_4)","decl":{"start":{"line":118,"column":32},"end":{"line":118,"column":33}},"loc":{"start":{"line":118,"column":37},"end":{"line":118,"column":54}},"line":118},"5":{"name":"(anonymous_5)","decl":{"start":{"line":141,"column":40},"end":{"line":141,"column":41}},"loc":{"start":{"line":141,"column":54},"end":{"line":149,"column":1}},"line":141},"6":{"name":"(anonymous_6)","decl":{"start":{"line":142,"column":28},"end":{"line":142,"column":29}},"loc":{"start":{"line":142,"column":33},"end":{"line":142,"column":53}},"line":142},"7":{"name":"(anonymous_7)","decl":{"start":{"line":152,"column":32},"end":{"line":152,"column":33}},"loc":{"start":{"line":152,"column":52},"end":{"line":156,"column":1}},"line":152},"8":{"name":"(anonymous_8)","decl":{"start":{"line":158,"column":60},"end":{"line":158,"column":61}},"loc":{"start":{"line":158,"column":74},"end":{"line":161,"column":1}},"line":158},"9":{"name":"(anonymous_9)","decl":{"start":{"line":159,"column":44},"end":{"line":159,"column":45}},"loc":{"start":{"line":159,"column":71},"end":{"line":159,"column":75}},"line":159},"10":{"name":"(anonymous_10)","decl":{"start":{"line":163,"column":66},"end":{"line":163,"column":67}},"loc":{"start":{"line":163,"column":80},"end":{"line":175,"column":1}},"line":163},"11":{"name":"(anonymous_11)","decl":{"start":{"line":168,"column":35},"end":{"line":168,"column":36}},"loc":{"start":{"line":168,"column":40},"end":{"line":168,"column":60}},"line":168},"12":{"name":"(anonymous_12)","decl":{"start":{"line":169,"column":33},"end":{"line":169,"column":34}},"loc":{"start":{"line":169,"column":38},"end":{"line":169,"column":56}},"line":169},"13":{"name":"(anonymous_13)","decl":{"start":{"line":170,"column":33},"end":{"line":170,"column":34}},"loc":{"start":{"line":170,"column":38},"end":{"line":170,"column":56}},"line":170},"14":{"name":"(anonymous_14)","decl":{"start":{"line":172,"column":41},"end":{"line":172,"column":42}},"loc":{"start":{"line":172,"column":53},"end":{"line":172,"column":69}},"line":172},"15":{"name":"(anonymous_15)","decl":{"start":{"line":177,"column":73},"end":{"line":177,"column":74}},"loc":{"start":{"line":177,"column":87},"end":{"line":191,"column":1}},"line":177},"16":{"name":"(anonymous_16)","decl":{"start":{"line":179,"column":38},"end":{"line":179,"column":39}},"loc":{"start":{"line":179,"column":43},"end":{"line":179,"column":58}},"line":179},"17":{"name":"(anonymous_17)","decl":{"start":{"line":193,"column":78},"end":{"line":193,"column":79}},"loc":{"start":{"line":193,"column":92},"end":{"line":212,"column":1}},"line":193},"18":{"name":"(anonymous_18)","decl":{"start":{"line":214,"column":77},"end":{"line":214,"column":78}},"loc":{"start":{"line":214,"column":91},"end":{"line":217,"column":1}},"line":214},"19":{"name":"(anonymous_19)","decl":{"start":{"line":215,"column":40},"end":{"line":215,"column":41}},"loc":{"start":{"line":215,"column":45},"end":{"line":215,"column":70}},"line":215},"20":{"name":"canStudentChatWithTutor","decl":{"start":{"line":220,"column":9},"end":{"line":220,"column":32}},"loc":{"start":{"line":220,"column":53},"end":{"line":226,"column":1}},"line":220},"21":{"name":"(anonymous_21)","decl":{"start":{"line":221,"column":24},"end":{"line":221,"column":25}},"loc":{"start":{"line":222,"column":8},"end":{"line":224,"column":51}},"line":222},"22":{"name":"canTutorChatWithStudent","decl":{"start":{"line":228,"column":9},"end":{"line":228,"column":32}},"loc":{"start":{"line":228,"column":53},"end":{"line":234,"column":1}},"line":228},"23":{"name":"(anonymous_23)","decl":{"start":{"line":229,"column":24},"end":{"line":229,"column":25}},"loc":{"start":{"line":230,"column":8},"end":{"line":232,"column":51}},"line":230},"24":{"name":"getAllowedChatUsers","decl":{"start":{"line":236,"column":9},"end":{"line":236,"column":28}},"loc":{"start":{"line":236,"column":61},"end":{"line":264,"column":1}},"line":236},"25":{"name":"(anonymous_25)","decl":{"start":{"line":238,"column":28},"end":{"line":238,"column":29}},"loc":{"start":{"line":238,"column":33},"end":{"line":238,"column":55}},"line":238},"26":{"name":"(anonymous_26)","decl":{"start":{"line":242,"column":47},"end":{"line":242,"column":48}},"loc":{"start":{"line":243,"column":12},"end":{"line":243,"column":76}},"line":243},"27":{"name":"(anonymous_27)","decl":{"start":{"line":245,"column":57},"end":{"line":245,"column":58}},"loc":{"start":{"line":245,"column":62},"end":{"line":245,"column":71}},"line":245},"28":{"name":"(anonymous_28)","decl":{"start":{"line":245,"column":80},"end":{"line":245,"column":81}},"loc":{"start":{"line":245,"column":86},"end":{"line":245,"column":97}},"line":245},"29":{"name":"(anonymous_29)","decl":{"start":{"line":247,"column":28},"end":{"line":247,"column":29}},"loc":{"start":{"line":248,"column":12},"end":{"line":249,"column":59}},"line":248},"30":{"name":"(anonymous_30)","decl":{"start":{"line":254,"column":44},"end":{"line":254,"column":45}},"loc":{"start":{"line":254,"column":49},"end":{"line":254,"column":76}},"line":254},"31":{"name":"(anonymous_31)","decl":{"start":{"line":255,"column":60},"end":{"line":255,"column":61}},"loc":{"start":{"line":255,"column":65},"end":{"line":255,"column":89}},"line":255},"32":{"name":"(anonymous_32)","decl":{"start":{"line":257,"column":28},"end":{"line":257,"column":29}},"loc":{"start":{"line":258,"column":12},"end":{"line":259,"column":61}},"line":258},"33":{"name":"(anonymous_33)","decl":{"start":{"line":267,"column":43},"end":{"line":267,"column":44}},"loc":{"start":{"line":267,"column":57},"end":{"line":271,"column":1}},"line":267},"34":{"name":"(anonymous_34)","decl":{"start":{"line":269,"column":51},"end":{"line":269,"column":52}},"loc":{"start":{"line":269,"column":78},"end":{"line":269,"column":82}},"line":269},"35":{"name":"(anonymous_35)","decl":{"start":{"line":273,"column":43},"end":{"line":273,"column":44}},"loc":{"start":{"line":273,"column":57},"end":{"line":299,"column":1}},"line":273},"36":{"name":"(anonymous_36)","decl":{"start":{"line":280,"column":33},"end":{"line":280,"column":34}},"loc":{"start":{"line":280,"column":38},"end":{"line":280,"column":53}},"line":280},"37":{"name":"(anonymous_37)","decl":{"start":{"line":286,"column":38},"end":{"line":286,"column":39}},"loc":{"start":{"line":286,"column":43},"end":{"line":286,"column":58}},"line":286},"38":{"name":"(anonymous_38)","decl":{"start":{"line":301,"column":43},"end":{"line":301,"column":44}},"loc":{"start":{"line":301,"column":57},"end":{"line":317,"column":1}},"line":301},"39":{"name":"(anonymous_39)","decl":{"start":{"line":304,"column":36},"end":{"line":304,"column":37}},"loc":{"start":{"line":304,"column":44},"end":{"line":314,"column":5}},"line":304},"40":{"name":"(anonymous_40)","decl":{"start":{"line":306,"column":37},"end":{"line":306,"column":38}},"loc":{"start":{"line":306,"column":42},"end":{"line":306,"column":62}},"line":306},"41":{"name":"(anonymous_41)","decl":{"start":{"line":319,"column":46},"end":{"line":319,"column":47}},"loc":{"start":{"line":319,"column":60},"end":{"line":328,"column":1}},"line":319},"42":{"name":"(anonymous_42)","decl":{"start":{"line":330,"column":54},"end":{"line":330,"column":55}},"loc":{"start":{"line":330,"column":68},"end":{"line":337,"column":1}},"line":330},"43":{"name":"(anonymous_43)","decl":{"start":{"line":339,"column":44},"end":{"line":339,"column":45}},"loc":{"start":{"line":339,"column":58},"end":{"line":342,"column":1}},"line":339},"44":{"name":"(anonymous_44)","decl":{"start":{"line":344,"column":42},"end":{"line":344,"column":43}},"loc":{"start":{"line":344,"column":56},"end":{"line":352,"column":1}},"line":344},"45":{"name":"(anonymous_45)","decl":{"start":{"line":345,"column":28},"end":{"line":345,"column":29}},"loc":{"start":{"line":345,"column":33},"end":{"line":345,"column":65}},"line":345},"46":{"name":"(anonymous_46)","decl":{"start":{"line":355,"column":38},"end":{"line":355,"column":39}},"loc":{"start":{"line":355,"column":52},"end":{"line":367,"column":1}},"line":355},"47":{"name":"(anonymous_47)","decl":{"start":{"line":360,"column":49},"end":{"line":360,"column":50}},"loc":{"start":{"line":360,"column":54},"end":{"line":360,"column":75}},"line":360},"48":{"name":"(anonymous_48)","decl":{"start":{"line":363,"column":49},"end":{"line":363,"column":50}},"loc":{"start":{"line":363,"column":54},"end":{"line":363,"column":71}},"line":363},"49":{"name":"(anonymous_49)","decl":{"start":{"line":369,"column":42},"end":{"line":369,"column":43}},"loc":{"start":{"line":369,"column":56},"end":{"line":375,"column":1}},"line":369},"50":{"name":"(anonymous_50)","decl":{"start":{"line":370,"column":32},"end":{"line":370,"column":33}},"loc":{"start":{"line":370,"column":37},"end":{"line":370,"column":69}},"line":370},"51":{"name":"(anonymous_51)","decl":{"start":{"line":377,"column":76},"end":{"line":377,"column":77}},"loc":{"start":{"line":377,"column":90},"end":{"line":407,"column":1}},"line":377},"52":{"name":"(anonymous_52)","decl":{"start":{"line":378,"column":32},"end":{"line":378,"column":33}},"loc":{"start":{"line":378,"column":37},"end":{"line":378,"column":69}},"line":378},"53":{"name":"(anonymous_53)","decl":{"start":{"line":384,"column":28},"end":{"line":384,"column":29}},"loc":{"start":{"line":384,"column":33},"end":{"line":384,"column":53}},"line":384},"54":{"name":"(anonymous_54)","decl":{"start":{"line":410,"column":70},"end":{"line":410,"column":71}},"loc":{"start":{"line":410,"column":90},"end":{"line":432,"column":1}},"line":410},"55":{"name":"(anonymous_55)","decl":{"start":{"line":434,"column":82},"end":{"line":434,"column":83}},"loc":{"start":{"line":434,"column":102},"end":{"line":449,"column":1}},"line":434},"56":{"name":"(anonymous_56)","decl":{"start":{"line":453,"column":64},"end":{"line":453,"column":65}},"loc":{"start":{"line":453,"column":78},"end":{"line":504,"column":1}},"line":453},"57":{"name":"(anonymous_57)","decl":{"start":{"line":461,"column":36},"end":{"line":461,"column":37}},"loc":{"start":{"line":461,"column":41},"end":{"line":461,"column":68}},"line":461},"58":{"name":"(anonymous_58)","decl":{"start":{"line":490,"column":40},"end":{"line":490,"column":41}},"loc":{"start":{"line":490,"column":53},"end":{"line":498,"column":9}},"line":490},"59":{"name":"(anonymous_59)","decl":{"start":{"line":507,"column":41},"end":{"line":507,"column":42}},"loc":{"start":{"line":507,"column":55},"end":{"line":539,"column":1}},"line":507},"60":{"name":"(anonymous_60)","decl":{"start":{"line":513,"column":39},"end":{"line":513,"column":40}},"loc":{"start":{"line":513,"column":44},"end":{"line":513,"column":77}},"line":513},"61":{"name":"(anonymous_61)","decl":{"start":{"line":517,"column":39},"end":{"line":517,"column":40}},"loc":{"start":{"line":517,"column":44},"end":{"line":517,"column":59}},"line":517},"62":{"name":"(anonymous_62)","decl":{"start":{"line":521,"column":39},"end":{"line":521,"column":40}},"loc":{"start":{"line":521,"column":44},"end":{"line":521,"column":63}},"line":521},"63":{"name":"(anonymous_63)","decl":{"start":{"line":526,"column":39},"end":{"line":526,"column":40}},"loc":{"start":{"line":526,"column":44},"end":{"line":526,"column":69}},"line":526},"64":{"name":"(anonymous_64)","decl":{"start":{"line":530,"column":24},"end":{"line":530,"column":25}},"loc":{"start":{"line":530,"column":29},"end":{"line":530,"column":69}},"line":530},"65":{"name":"(anonymous_65)","decl":{"start":{"line":531,"column":21},"end":{"line":531,"column":22}},"loc":{"start":{"line":531,"column":26},"end":{"line":531,"column":30}},"line":531},"66":{"name":"(anonymous_66)","decl":{"start":{"line":532,"column":39},"end":{"line":532,"column":40}},"loc":{"start":{"line":532,"column":44},"end":{"line":532,"column":82}},"line":532},"67":{"name":"(anonymous_67)","decl":{"start":{"line":542,"column":75},"end":{"line":542,"column":76}},"loc":{"start":{"line":542,"column":89},"end":{"line":583,"column":1}},"line":542},"68":{"name":"(anonymous_68)","decl":{"start":{"line":545,"column":38},"end":{"line":545,"column":39}},"loc":{"start":{"line":545,"column":43},"end":{"line":545,"column":61}},"line":545},"69":{"name":"(anonymous_69)","decl":{"start":{"line":555,"column":36},"end":{"line":555,"column":37}},"loc":{"start":{"line":555,"column":41},"end":{"line":555,"column":66}},"line":555},"70":{"name":"(anonymous_70)","decl":{"start":{"line":586,"column":77},"end":{"line":586,"column":78}},"loc":{"start":{"line":586,"column":91},"end":{"line":615,"column":1}},"line":586},"71":{"name":"(anonymous_71)","decl":{"start":{"line":589,"column":38},"end":{"line":589,"column":39}},"loc":{"start":{"line":589,"column":43},"end":{"line":589,"column":61}},"line":589},"72":{"name":"(anonymous_72)","decl":{"start":{"line":618,"column":67},"end":{"line":618,"column":68}},"loc":{"start":{"line":618,"column":81},"end":{"line":656,"column":1}},"line":618},"73":{"name":"(anonymous_73)","decl":{"start":{"line":621,"column":38},"end":{"line":621,"column":39}},"loc":{"start":{"line":621,"column":43},"end":{"line":621,"column":61}},"line":621},"74":{"name":"(anonymous_74)","decl":{"start":{"line":642,"column":39},"end":{"line":642,"column":40}},"loc":{"start":{"line":642,"column":52},"end":{"line":650,"column":9}},"line":642},"75":{"name":"(anonymous_75)","decl":{"start":{"line":659,"column":70},"end":{"line":659,"column":71}},"loc":{"start":{"line":659,"column":84},"end":{"line":691,"column":1}},"line":659},"76":{"name":"(anonymous_76)","decl":{"start":{"line":662,"column":48},"end":{"line":662,"column":49}},"loc":{"start":{"line":662,"column":53},"end":{"line":662,"column":71}},"line":662},"77":{"name":"(anonymous_77)","decl":{"start":{"line":675,"column":39},"end":{"line":675,"column":40}},"loc":{"start":{"line":675,"column":52},"end":{"line":683,"column":9}},"line":675},"78":{"name":"(anonymous_78)","decl":{"start":{"line":695,"column":65},"end":{"line":695,"column":66}},"loc":{"start":{"line":695,"column":79},"end":{"line":752,"column":1}},"line":695},"79":{"name":"(anonymous_79)","decl":{"start":{"line":707,"column":38},"end":{"line":707,"column":39}},"loc":{"start":{"line":707,"column":43},"end":{"line":707,"column":71}},"line":707},"80":{"name":"(anonymous_80)","decl":{"start":{"line":717,"column":44},"end":{"line":717,"column":45}},"loc":{"start":{"line":717,"column":49},"end":{"line":717,"column":115}},"line":717},"81":{"name":"(anonymous_81)","decl":{"start":{"line":755,"column":55},"end":{"line":755,"column":56}},"loc":{"start":{"line":755,"column":69},"end":{"line":772,"column":1}},"line":755},"82":{"name":"(anonymous_82)","decl":{"start":{"line":758,"column":44},"end":{"line":758,"column":45}},"loc":{"start":{"line":758,"column":49},"end":{"line":758,"column":70}},"line":758},"83":{"name":"(anonymous_83)","decl":{"start":{"line":761,"column":34},"end":{"line":761,"column":35}},"loc":{"start":{"line":761,"column":46},"end":{"line":761,"column":60}},"line":761},"84":{"name":"(anonymous_84)","decl":{"start":{"line":775,"column":57},"end":{"line":775,"column":58}},"loc":{"start":{"line":775,"column":71},"end":{"line":792,"column":1}},"line":775},"85":{"name":"(anonymous_85)","decl":{"start":{"line":778,"column":45},"end":{"line":778,"column":46}},"loc":{"start":{"line":778,"column":50},"end":{"line":778,"column":73}},"line":778},"86":{"name":"(anonymous_86)","decl":{"start":{"line":781,"column":35},"end":{"line":781,"column":36}},"loc":{"start":{"line":781,"column":47},"end":{"line":781,"column":61}},"line":781},"87":{"name":"createNotification","decl":{"start":{"line":796,"column":9},"end":{"line":796,"column":27}},"loc":{"start":{"line":796,"column":76},"end":{"line":809,"column":1}},"line":796},"88":{"name":"(anonymous_88)","decl":{"start":{"line":812,"column":46},"end":{"line":812,"column":47}},"loc":{"start":{"line":812,"column":60},"end":{"line":827,"column":1}},"line":812},"89":{"name":"(anonymous_89)","decl":{"start":{"line":815,"column":20},"end":{"line":815,"column":21}},"loc":{"start":{"line":815,"column":25},"end":{"line":815,"column":49}},"line":815},"90":{"name":"(anonymous_90)","decl":{"start":{"line":816,"column":18},"end":{"line":816,"column":19}},"loc":{"start":{"line":816,"column":28},"end":{"line":816,"column":73}},"line":816},"91":{"name":"(anonymous_91)","decl":{"start":{"line":818,"column":53},"end":{"line":818,"column":54}},"loc":{"start":{"line":818,"column":58},"end":{"line":818,"column":65}},"line":818},"92":{"name":"(anonymous_92)","decl":{"start":{"line":830,"column":55},"end":{"line":830,"column":56}},"loc":{"start":{"line":830,"column":69},"end":{"line":849,"column":1}},"line":830},"93":{"name":"(anonymous_93)","decl":{"start":{"line":833,"column":48},"end":{"line":833,"column":49}},"loc":{"start":{"line":833,"column":53},"end":{"line":833,"column":76}},"line":833},"94":{"name":"(anonymous_94)","decl":{"start":{"line":852,"column":55},"end":{"line":852,"column":56}},"loc":{"start":{"line":852,"column":69},"end":{"line":862,"column":1}},"line":852},"95":{"name":"(anonymous_95)","decl":{"start":{"line":855,"column":20},"end":{"line":855,"column":21}},"loc":{"start":{"line":855,"column":25},"end":{"line":855,"column":60}},"line":855},"96":{"name":"(anonymous_96)","decl":{"start":{"line":856,"column":21},"end":{"line":856,"column":22}},"loc":{"start":{"line":856,"column":26},"end":{"line":856,"column":39}},"line":856},"97":{"name":"(anonymous_97)","decl":{"start":{"line":865,"column":53},"end":{"line":865,"column":54}},"loc":{"start":{"line":865,"column":67},"end":{"line":886,"column":1}},"line":865},"98":{"name":"(anonymous_98)","decl":{"start":{"line":868,"column":58},"end":{"line":868,"column":59}},"loc":{"start":{"line":868,"column":63},"end":{"line":868,"column":86}},"line":868},"99":{"name":"recordProgress","decl":{"start":{"line":890,"column":9},"end":{"line":890,"column":23}},"loc":{"start":{"line":890,"column":64},"end":{"line":908,"column":1}},"line":890},"100":{"name":"(anonymous_100)","decl":{"start":{"line":892,"column":8},"end":{"line":892,"column":9}},"loc":{"start":{"line":892,"column":13},"end":{"line":892,"column":94}},"line":892},"101":{"name":"(anonymous_101)","decl":{"start":{"line":911,"column":60},"end":{"line":911,"column":61}},"loc":{"start":{"line":911,"column":74},"end":{"line":950,"column":1}},"line":911},"102":{"name":"(anonymous_102)","decl":{"start":{"line":920,"column":55},"end":{"line":920,"column":56}},"loc":{"start":{"line":920,"column":60},"end":{"line":920,"column":85}},"line":920},"103":{"name":"(anonymous_103)","decl":{"start":{"line":924,"column":32},"end":{"line":924,"column":33}},"loc":{"start":{"line":924,"column":37},"end":{"line":941,"column":9}},"line":924},"104":{"name":"(anonymous_104)","decl":{"start":{"line":926,"column":44},"end":{"line":926,"column":45}},"loc":{"start":{"line":926,"column":49},"end":{"line":926,"column":68}},"line":926},"105":{"name":"(anonymous_105)","decl":{"start":{"line":953,"column":89},"end":{"line":953,"column":90}},"loc":{"start":{"line":953,"column":103},"end":{"line":995,"column":1}},"line":953},"106":{"name":"(anonymous_106)","decl":{"start":{"line":956,"column":36},"end":{"line":956,"column":37}},"loc":{"start":{"line":956,"column":41},"end":{"line":956,"column":58}},"line":956},"107":{"name":"(anonymous_107)","decl":{"start":{"line":966,"column":54},"end":{"line":966,"column":55}},"loc":{"start":{"line":966,"column":59},"end":{"line":966,"column":82}},"line":966},"108":{"name":"(anonymous_108)","decl":{"start":{"line":970,"column":31},"end":{"line":970,"column":32}},"loc":{"start":{"line":970,"column":36},"end":{"line":985,"column":9}},"line":970},"109":{"name":"(anonymous_109)","decl":{"start":{"line":972,"column":43},"end":{"line":972,"column":44}},"loc":{"start":{"line":972,"column":48},"end":{"line":972,"column":68}},"line":972},"110":{"name":"(anonymous_110)","decl":{"start":{"line":999,"column":69},"end":{"line":999,"column":70}},"loc":{"start":{"line":999,"column":83},"end":{"line":1054,"column":1}},"line":999},"111":{"name":"(anonymous_111)","decl":{"start":{"line":1004,"column":36},"end":{"line":1004,"column":37}},"loc":{"start":{"line":1004,"column":41},"end":{"line":1004,"column":59}},"line":1004},"112":{"name":"(anonymous_112)","decl":{"start":{"line":1007,"column":37},"end":{"line":1007,"column":38}},"loc":{"start":{"line":1007,"column":46},"end":{"line":1045,"column":9}},"line":1007},"113":{"name":"(anonymous_113)","decl":{"start":{"line":1008,"column":48},"end":{"line":1008,"column":49}},"loc":{"start":{"line":1008,"column":53},"end":{"line":1008,"column":75}},"line":1008},"114":{"name":"(anonymous_114)","decl":{"start":{"line":1009,"column":48},"end":{"line":1009,"column":49}},"loc":{"start":{"line":1009,"column":53},"end":{"line":1009,"column":75}},"line":1009},"115":{"name":"(anonymous_115)","decl":{"start":{"line":1011,"column":38},"end":{"line":1011,"column":39}},"loc":{"start":{"line":1011,"column":50},"end":{"line":1011,"column":64}},"line":1011},"116":{"name":"(anonymous_116)","decl":{"start":{"line":1018,"column":53},"end":{"line":1018,"column":54}},"loc":{"start":{"line":1018,"column":58},"end":{"line":1018,"column":79}},"line":1018},"117":{"name":"(anonymous_117)","decl":{"start":{"line":1024,"column":51},"end":{"line":1024,"column":52}},"loc":{"start":{"line":1024,"column":56},"end":{"line":1024,"column":73}},"line":1024},"118":{"name":"(anonymous_118)","decl":{"start":{"line":1035,"column":42},"end":{"line":1035,"column":43}},"loc":{"start":{"line":1035,"column":48},"end":{"line":1040,"column":17}},"line":1035},"119":{"name":"(anonymous_119)","decl":{"start":{"line":1048,"column":23},"end":{"line":1048,"column":24}},"loc":{"start":{"line":1048,"column":33},"end":{"line":1048,"column":60}},"line":1048},"120":{"name":"(anonymous_120)","decl":{"start":{"line":1057,"column":8},"end":{"line":1057,"column":9}},"loc":{"start":{"line":1057,"column":33},"end":{"line":1060,"column":1}},"line":1057},"121":{"name":"(anonymous_121)","decl":{"start":{"line":1063,"column":8},"end":{"line":1063,"column":9}},"loc":{"start":{"line":1063,"column":22},"end":{"line":1065,"column":1}},"line":1063},"122":{"name":"(anonymous_122)","decl":{"start":{"line":1067,"column":32},"end":{"line":1067,"column":33}},"loc":{"start":{"line":1067,"column":38},"end":{"line":1070,"column":1}},"line":1067}},"branchMap":{"0":{"loc":{"start":{"line":10,"column":13},"end":{"line":10,"column":37}},"type":"binary-expr","locations":[{"start":{"line":10,"column":13},"end":{"line":10,"column":29}},{"start":{"line":10,"column":33},"end":{"line":10,"column":37}}],"line":10},"1":{"loc":{"start":{"line":11,"column":23},"end":{"line":11,"column":76}},"type":"binary-expr","locations":[{"start":{"line":11,"column":23},"end":{"line":11,"column":49}},{"start":{"line":11,"column":53},"end":{"line":11,"column":76}}],"line":11},"2":{"loc":{"start":{"line":64,"column":43},"end":{"line":64,"column":59}},"type":"default-arg","locations":[{"start":{"line":64,"column":50},"end":{"line":64,"column":59}}],"line":64},"3":{"loc":{"start":{"line":66,"column":8},"end":{"line":68,"column":9}},"type":"if","locations":[{"start":{"line":66,"column":8},"end":{"line":68,"column":9}},{"start":{},"end":{}}],"line":66},"4":{"loc":{"start":{"line":66,"column":12},"end":{"line":66,"column":44}},"type":"binary-expr","locations":[{"start":{"line":66,"column":12},"end":{"line":66,"column":21}},{"start":{"line":66,"column":25},"end":{"line":66,"column":31}},{"start":{"line":66,"column":35},"end":{"line":66,"column":44}}],"line":66},"5":{"loc":{"start":{"line":70,"column":8},"end":{"line":72,"column":9}},"type":"if","locations":[{"start":{"line":70,"column":8},"end":{"line":72,"column":9}},{"start":{},"end":{}}],"line":70},"6":{"loc":{"start":{"line":75,"column":8},"end":{"line":77,"column":9}},"type":"if","locations":[{"start":{"line":75,"column":8},"end":{"line":77,"column":9}},{"start":{},"end":{}}],"line":75},"7":{"loc":{"start":{"line":80,"column":8},"end":{"line":82,"column":9}},"type":"if","locations":[{"start":{"line":80,"column":8},"end":{"line":82,"column":9}},{"start":{},"end":{}}],"line":80},"8":{"loc":{"start":{"line":114,"column":8},"end":{"line":116,"column":9}},"type":"if","locations":[{"start":{"line":114,"column":8},"end":{"line":116,"column":9}},{"start":{},"end":{}}],"line":114},"9":{"loc":{"start":{"line":114,"column":12},"end":{"line":114,"column":31}},"type":"binary-expr","locations":[{"start":{"line":114,"column":12},"end":{"line":114,"column":18}},{"start":{"line":114,"column":22},"end":{"line":114,"column":31}}],"line":114},"10":{"loc":{"start":{"line":119,"column":8},"end":{"line":121,"column":9}},"type":"if","locations":[{"start":{"line":119,"column":8},"end":{"line":121,"column":9}},{"start":{},"end":{}}],"line":119},"11":{"loc":{"start":{"line":124,"column":8},"end":{"line":126,"column":9}},"type":"if","locations":[{"start":{"line":124,"column":8},"end":{"line":126,"column":9}},{"start":{},"end":{}}],"line":124},"12":{"loc":{"start":{"line":143,"column":4},"end":{"line":145,"column":5}},"type":"if","locations":[{"start":{"line":143,"column":4},"end":{"line":145,"column":5}},{"start":{},"end":{}}],"line":143},"13":{"loc":{"start":{"line":181,"column":4},"end":{"line":183,"column":5}},"type":"if","locations":[{"start":{"line":181,"column":4},"end":{"line":183,"column":5}},{"start":{},"end":{}}],"line":181},"14":{"loc":{"start":{"line":185,"column":4},"end":{"line":187,"column":5}},"type":"if","locations":[{"start":{"line":185,"column":4},"end":{"line":187,"column":5}},{"start":{},"end":{}}],"line":185},"15":{"loc":{"start":{"line":196,"column":4},"end":{"line":198,"column":5}},"type":"if","locations":[{"start":{"line":196,"column":4},"end":{"line":198,"column":5}},{"start":{},"end":{}}],"line":196},"16":{"loc":{"start":{"line":196,"column":8},"end":{"line":196,"column":36}},"type":"binary-expr","locations":[{"start":{"line":196,"column":8},"end":{"line":196,"column":14}},{"start":{"line":196,"column":18},"end":{"line":196,"column":26}},{"start":{"line":196,"column":30},"end":{"line":196,"column":36}}],"line":196},"17":{"loc":{"start":{"line":222,"column":8},"end":{"line":224,"column":51}},"type":"binary-expr","locations":[{"start":{"line":222,"column":8},"end":{"line":222,"column":34}},{"start":{"line":223,"column":8},"end":{"line":223,"column":31}},{"start":{"line":224,"column":8},"end":{"line":224,"column":51}}],"line":222},"18":{"loc":{"start":{"line":230,"column":8},"end":{"line":232,"column":51}},"type":"binary-expr","locations":[{"start":{"line":230,"column":8},"end":{"line":230,"column":34}},{"start":{"line":231,"column":8},"end":{"line":231,"column":31}},{"start":{"line":232,"column":8},"end":{"line":232,"column":51}}],"line":230},"19":{"loc":{"start":{"line":237,"column":4},"end":{"line":239,"column":5}},"type":"if","locations":[{"start":{"line":237,"column":4},"end":{"line":239,"column":5}},{"start":{},"end":{}}],"line":237},"20":{"loc":{"start":{"line":241,"column":4},"end":{"line":251,"column":5}},"type":"if","locations":[{"start":{"line":241,"column":4},"end":{"line":251,"column":5}},{"start":{},"end":{}}],"line":241},"21":{"loc":{"start":{"line":243,"column":12},"end":{"line":243,"column":76}},"type":"binary-expr","locations":[{"start":{"line":243,"column":12},"end":{"line":243,"column":30}},{"start":{"line":243,"column":34},"end":{"line":243,"column":76}}],"line":243},"22":{"loc":{"start":{"line":248,"column":12},"end":{"line":249,"column":59}},"type":"binary-expr","locations":[{"start":{"line":248,"column":12},"end":{"line":248,"column":34}},{"start":{"line":249,"column":13},"end":{"line":249,"column":36}},{"start":{"line":249,"column":40},"end":{"line":249,"column":58}}],"line":248},"23":{"loc":{"start":{"line":253,"column":4},"end":{"line":261,"column":5}},"type":"if","locations":[{"start":{"line":253,"column":4},"end":{"line":261,"column":5}},{"start":{},"end":{}}],"line":253},"24":{"loc":{"start":{"line":255,"column":65},"end":{"line":255,"column":89}},"type":"binary-expr","locations":[{"start":{"line":255,"column":65},"end":{"line":255,"column":83}},{"start":{"line":255,"column":87},"end":{"line":255,"column":89}}],"line":255},"25":{"loc":{"start":{"line":258,"column":12},"end":{"line":259,"column":61}},"type":"binary-expr","locations":[{"start":{"line":258,"column":12},"end":{"line":258,"column":34}},{"start":{"line":259,"column":13},"end":{"line":259,"column":38}},{"start":{"line":259,"column":42},"end":{"line":259,"column":60}}],"line":258},"26":{"loc":{"start":{"line":276,"column":4},"end":{"line":278,"column":5}},"type":"if","locations":[{"start":{"line":276,"column":4},"end":{"line":278,"column":5}},{"start":{},"end":{}}],"line":276},"27":{"loc":{"start":{"line":281,"column":4},"end":{"line":283,"column":5}},"type":"if","locations":[{"start":{"line":281,"column":4},"end":{"line":283,"column":5}},{"start":{},"end":{}}],"line":281},"28":{"loc":{"start":{"line":288,"column":4},"end":{"line":295,"column":5}},"type":"if","locations":[{"start":{"line":288,"column":4},"end":{"line":295,"column":5}},{"start":{},"end":{}}],"line":288},"29":{"loc":{"start":{"line":291,"column":21},"end":{"line":293,"column":76}},"type":"cond-expr","locations":[{"start":{"line":292,"column":18},"end":{"line":292,"column":80}},{"start":{"line":293,"column":18},"end":{"line":293,"column":76}}],"line":291},"30":{"loc":{"start":{"line":305,"column":28},"end":{"line":305,"column":86}},"type":"cond-expr","locations":[{"start":{"line":305,"column":59},"end":{"line":305,"column":71}},{"start":{"line":305,"column":74},"end":{"line":305,"column":86}}],"line":305},"31":{"loc":{"start":{"line":311,"column":23},"end":{"line":311,"column":114}},"type":"cond-expr","locations":[{"start":{"line":311,"column":35},"end":{"line":311,"column":107}},{"start":{"line":311,"column":110},"end":{"line":311,"column":114}}],"line":311},"32":{"loc":{"start":{"line":312,"column":25},"end":{"line":312,"column":73}},"type":"cond-expr","locations":[{"start":{"line":312,"column":51},"end":{"line":312,"column":66}},{"start":{"line":312,"column":69},"end":{"line":312,"column":73}}],"line":312},"33":{"loc":{"start":{"line":322,"column":4},"end":{"line":324,"column":5}},"type":"if","locations":[{"start":{"line":322,"column":4},"end":{"line":324,"column":5}},{"start":{},"end":{}}],"line":322},"34":{"loc":{"start":{"line":322,"column":8},"end":{"line":322,"column":27}},"type":"binary-expr","locations":[{"start":{"line":322,"column":8},"end":{"line":322,"column":15}},{"start":{"line":322,"column":19},"end":{"line":322,"column":27}}],"line":322},"35":{"loc":{"start":{"line":346,"column":4},"end":{"line":348,"column":5}},"type":"if","locations":[{"start":{"line":346,"column":4},"end":{"line":348,"column":5}},{"start":{},"end":{}}],"line":346},"36":{"loc":{"start":{"line":359,"column":4},"end":{"line":361,"column":5}},"type":"if","locations":[{"start":{"line":359,"column":4},"end":{"line":361,"column":5}},{"start":{},"end":{}}],"line":359},"37":{"loc":{"start":{"line":362,"column":4},"end":{"line":364,"column":5}},"type":"if","locations":[{"start":{"line":362,"column":4},"end":{"line":364,"column":5}},{"start":{},"end":{}}],"line":362},"38":{"loc":{"start":{"line":371,"column":4},"end":{"line":373,"column":5}},"type":"if","locations":[{"start":{"line":371,"column":4},"end":{"line":373,"column":5}},{"start":{},"end":{}}],"line":371},"39":{"loc":{"start":{"line":380,"column":4},"end":{"line":382,"column":5}},"type":"if","locations":[{"start":{"line":380,"column":4},"end":{"line":382,"column":5}},{"start":{},"end":{}}],"line":380},"40":{"loc":{"start":{"line":385,"column":4},"end":{"line":387,"column":5}},"type":"if","locations":[{"start":{"line":385,"column":4},"end":{"line":387,"column":5}},{"start":{},"end":{}}],"line":385},"41":{"loc":{"start":{"line":390,"column":4},"end":{"line":392,"column":5}},"type":"if","locations":[{"start":{"line":390,"column":4},"end":{"line":392,"column":5}},{"start":{},"end":{}}],"line":390},"42":{"loc":{"start":{"line":390,"column":8},"end":{"line":390,"column":80}},"type":"binary-expr","locations":[{"start":{"line":390,"column":8},"end":{"line":390,"column":31}},{"start":{"line":390,"column":35},"end":{"line":390,"column":80}}],"line":390},"43":{"loc":{"start":{"line":395,"column":4},"end":{"line":397,"column":5}},"type":"if","locations":[{"start":{"line":395,"column":4},"end":{"line":397,"column":5}},{"start":{},"end":{}}],"line":395},"44":{"loc":{"start":{"line":414,"column":8},"end":{"line":416,"column":9}},"type":"if","locations":[{"start":{"line":414,"column":8},"end":{"line":416,"column":9}},{"start":{},"end":{}}],"line":414},"45":{"loc":{"start":{"line":455,"column":52},"end":{"line":455,"column":68}},"type":"default-arg","locations":[{"start":{"line":455,"column":66},"end":{"line":455,"column":68}}],"line":455},"46":{"loc":{"start":{"line":457,"column":8},"end":{"line":459,"column":9}},"type":"if","locations":[{"start":{"line":457,"column":8},"end":{"line":459,"column":9}},{"start":{},"end":{}}],"line":457},"47":{"loc":{"start":{"line":457,"column":12},"end":{"line":457,"column":56}},"type":"binary-expr","locations":[{"start":{"line":457,"column":12},"end":{"line":457,"column":21}},{"start":{"line":457,"column":25},"end":{"line":457,"column":30}},{"start":{"line":457,"column":34},"end":{"line":457,"column":44}},{"start":{"line":457,"column":48},"end":{"line":457,"column":56}}],"line":457},"48":{"loc":{"start":{"line":462,"column":8},"end":{"line":464,"column":9}},"type":"if","locations":[{"start":{"line":462,"column":8},"end":{"line":464,"column":9}},{"start":{},"end":{}}],"line":462},"49":{"loc":{"start":{"line":466,"column":8},"end":{"line":468,"column":9}},"type":"if","locations":[{"start":{"line":466,"column":8},"end":{"line":468,"column":9}},{"start":{},"end":{}}],"line":466},"50":{"loc":{"start":{"line":466,"column":12},"end":{"line":466,"column":60}},"type":"binary-expr","locations":[{"start":{"line":466,"column":12},"end":{"line":466,"column":26}},{"start":{"line":466,"column":30},"end":{"line":466,"column":60}}],"line":466},"51":{"loc":{"start":{"line":480,"column":22},"end":{"line":480,"column":42}},"type":"binary-expr","locations":[{"start":{"line":480,"column":22},"end":{"line":480,"column":30}},{"start":{"line":480,"column":34},"end":{"line":480,"column":42}}],"line":480},"52":{"loc":{"start":{"line":481,"column":25},"end":{"line":481,"column":42}},"type":"binary-expr","locations":[{"start":{"line":481,"column":25},"end":{"line":481,"column":36}},{"start":{"line":481,"column":40},"end":{"line":481,"column":42}}],"line":481},"53":{"loc":{"start":{"line":512,"column":8},"end":{"line":514,"column":9}},"type":"if","locations":[{"start":{"line":512,"column":8},"end":{"line":514,"column":9}},{"start":{},"end":{}}],"line":512},"54":{"loc":{"start":{"line":516,"column":8},"end":{"line":518,"column":9}},"type":"if","locations":[{"start":{"line":516,"column":8},"end":{"line":518,"column":9}},{"start":{},"end":{}}],"line":516},"55":{"loc":{"start":{"line":520,"column":8},"end":{"line":522,"column":9}},"type":"if","locations":[{"start":{"line":520,"column":8},"end":{"line":522,"column":9}},{"start":{},"end":{}}],"line":520},"56":{"loc":{"start":{"line":525,"column":8},"end":{"line":533,"column":9}},"type":"if","locations":[{"start":{"line":525,"column":8},"end":{"line":533,"column":9}},{"start":{"line":527,"column":15},"end":{"line":533,"column":9}}],"line":525},"57":{"loc":{"start":{"line":527,"column":15},"end":{"line":533,"column":9}},"type":"if","locations":[{"start":{"line":527,"column":15},"end":{"line":533,"column":9}},{"start":{},"end":{}}],"line":527},"58":{"loc":{"start":{"line":547,"column":8},"end":{"line":549,"column":9}},"type":"if","locations":[{"start":{"line":547,"column":8},"end":{"line":549,"column":9}},{"start":{},"end":{}}],"line":547},"59":{"loc":{"start":{"line":551,"column":8},"end":{"line":553,"column":9}},"type":"if","locations":[{"start":{"line":551,"column":8},"end":{"line":553,"colum
[...]
e":636},"71":{"loc":{"start":{"line":637,"column":8},"end":{"line":637,"column":50}},"type":"if","locations":[{"start":{"line":637,"column":8},"end":{"line":637,"column":50}},{"start":{},"end":{}}],"line":637},"72":{"loc":{"start":{"line":638,"column":8},"end":{"line":638,"column":73}},"type":"if","locations":[{"start":{"line":638,"column":8},"end":{"line":638,"column":73}},{"start":{},"end":{}}],"line":638},"73":{"loc":{"start":{"line":639,"column":8},"end":{"line":639,"column":44}},"type":"if","locations":[{"start":{"line":639,"column":8},"end":{"line":639,"column":44}},{"start":{},"end":{}}],"line":639},"74":{"loc":{"start":{"line":664,"column":8},"end":{"line":666,"column":9}},"type":"if","locations":[{"start":{"line":664,"column":8},"end":{"line":666,"column":9}},{"start":{},"end":{}}],"line":664},"75":{"loc":{"start":{"line":670,"column":8},"end":{"line":672,"column":9}},"type":"if","locations":[{"start":{"line":670,"column":8},"end":{"line":672,"column":9}},{"start":{},"end":{}}],"line":670},"76":{"loc":{"start":{"line":699,"column":8},"end":{"line":701,"column":9}},"type":"if","locations":[{"start":{"line":699,"column":8},"end":{"line":701,"column":9}},{"start":{},"end":{}}],"line":699},"77":{"loc":{"start":{"line":699,"column":12},"end":{"line":699,"column":33}},"type":"binary-expr","locations":[{"start":{"line":699,"column":12},"end":{"line":699,"column":22}},{"start":{"line":699,"column":26},"end":{"line":699,"column":33}}],"line":699},"78":{"loc":{"start":{"line":703,"column":8},"end":{"line":705,"column":9}},"type":"if","locations":[{"start":{"line":703,"column":8},"end":{"line":705,"column":9}},{"start":{},"end":{}}],"line":703},"79":{"loc":{"start":{"line":703,"column":12},"end":{"line":703,"column":36}},"type":"binary-expr","locations":[{"start":{"line":703,"column":12},"end":{"line":703,"column":22}},{"start":{"line":703,"column":26},"end":{"line":703,"column":36}}],"line":703},"80":{"loc":{"start":{"line":708,"column":8},"end":{"line":710,"column":9}},"type":"if","locations":[{"start":{"line":708,"column":8},"end":{"line":710,"column":9}},{"start":{},"end":{}}],"line":708},"81":{"loc":{"start":{"line":712,"column":8},"end":{"line":714,"column":9}},"type":"if","locations":[{"start":{"line":712,"column":8},"end":{"line":714,"column":9}},{"start":{},"end":{}}],"line":712},"82":{"loc":{"start":{"line":717,"column":49},"end":{"line":717,"column":115}},"type":"binary-expr","locations":[{"start":{"line":717,"column":49},"end":{"line":717,"column":84}},{"start":{"line":717,"column":88},"end":{"line":717,"column":115}}],"line":717},"83":{"loc":{"start":{"line":718,"column":8},"end":{"line":720,"column":9}},"type":"if","locations":[{"start":{"line":718,"column":8},"end":{"line":720,"column":9}},{"start":{},"end":{}}],"line":718},"84":{"loc":{"start":{"line":730,"column":22},"end":{"line":730,"column":36}},"type":"binary-expr","locations":[{"start":{"line":730,"column":22},"end":{"line":730,"column":30}},{"start":{"line":730,"column":34},"end":{"line":730,"column":36}}],"line":730},"85":{"loc":{"start":{"line":760,"column":26},"end":{"line":762,"column":15}},"type":"cond-expr","locations":[{"start":{"line":761,"column":14},"end":{"line":761,"column":86}},{"start":{"line":762,"column":14},"end":{"line":762,"column":15}}],"line":760},"86":{"loc":{"start":{"line":780,"column":26},"end":{"line":782,"column":15}},"type":"cond-expr","locations":[{"start":{"line":781,"column":14},"end":{"line":781,"column":88}},{"start":{"line":782,"column":14},"end":{"line":782,"column":15}}],"line":780},"87":{"loc":{"start":{"line":796,"column":58},"end":{"line":796,"column":74}},"type":"default-arg","locations":[{"start":{"line":796,"column":70},"end":{"line":796,"column":74}}],"line":796},"88":{"loc":{"start":{"line":835,"column":8},"end":{"line":837,"column":9}},"type":"if","locations":[{"start":{"line":835,"column":8},"end":{"line":837,"column":9}},{"start":{},"end":{}}],"line":835},"89":{"loc":{"start":{"line":839,"column":8},"end":{"line":841,"column":9}},"type":"if","locations":[{"start":{"line":839,"column":8},"end":{"line":841,"column":9}},{"start":{},"end":{}}],"line":839},"90":{"loc":{"start":{"line":855,"column":25},"end":{"line":855,"column":60}},"type":"binary-expr","locations":[{"start":{"line":855,"column":25},"end":{"line":855,"column":49}},{"start":{"line":855,"column":53},"end":{"line":855,"column":60}}],"line":855},"91":{"loc":{"start":{"line":870,"column":8},"end":{"line":872,"column":9}},"type":"if","locations":[{"start":{"line":870,"column":8},"end":{"line":872,"column":9}},{"start":{},"end":{}}],"line":870},"92":{"loc":{"start":{"line":876,"column":8},"end":{"line":878,"column":9}},"type":"if","locations":[{"start":{"line":876,"column":8},"end":{"line":878,"column":9}},{"start":{},"end":{}}],"line":876},"93":{"loc":{"start":{"line":892,"column":13},"end":{"line":892,"column":94}},"type":"binary-expr","locations":[{"start":{"line":892,"column":13},"end":{"line":892,"column":38}},{"start":{"line":892,"column":42},"end":{"line":892,"column":65}},{"start":{"line":892,"column":69},"end":{"line":892,"column":94}}],"line":892},"94":{"loc":{"start":{"line":895,"column":4},"end":{"line":907,"column":5}},"type":"if","locations":[{"start":{"line":895,"column":4},"end":{"line":907,"column":5}},{"start":{"line":898,"column":11},"end":{"line":907,"column":5}}],"line":895},"95":{"loc":{"start":{"line":916,"column":8},"end":{"line":918,"column":9}},"type":"if","locations":[{"start":{"line":916,"column":8},"end":{"line":918,"column":9}},{"start":{},"end":{}}],"line":916},"96":{"loc":{"start":{"line":916,"column":12},"end":{"line":916,"column":66}},"type":"binary-expr","locations":[{"start":{"line":916,"column":12},"end":{"line":916,"column":37}},{"start":{"line":916,"column":41},"end":{"line":916,"column":66}}],"line":916},"97":{"loc":{"start":{"line":925,"column":12},"end":{"line":934,"column":13}},"type":"if","locations":[{"start":{"line":925,"column":12},"end":{"line":934,"column":13}},{"start":{},"end":{}}],"line":925},"98":{"loc":{"start":{"line":929,"column":32},"end":{"line":929,"column":65}},"type":"cond-expr","locations":[{"start":{"line":929,"column":41},"end":{"line":929,"column":53}},{"start":{"line":929,"column":56},"end":{"line":929,"column":65}}],"line":929},"99":{"loc":{"start":{"line":937,"column":12},"end":{"line":939,"column":13}},"type":"if","locations":[{"start":{"line":937,"column":12},"end":{"line":939,"column":13}},{"start":{},"end":{}}],"line":937},"100":{"loc":{"start":{"line":958,"column":8},"end":{"line":960,"column":9}},"type":"if","locations":[{"start":{"line":958,"column":8},"end":{"line":960,"column":9}},{"start":{},"end":{}}],"line":958},"101":{"loc":{"start":{"line":962,"column":8},"end":{"line":964,"column":9}},"type":"if","locations":[{"start":{"line":962,"column":8},"end":{"line":964,"column":9}},{"start":{},"end":{}}],"line":962},"102":{"loc":{"start":{"line":962,"column":12},"end":{"line":962,"column":71}},"type":"binary-expr","locations":[{"start":{"line":962,"column":12},"end":{"line":962,"column":37}},{"start":{"line":962,"column":41},"end":{"line":962,"column":71}}],"line":962},"103":{"loc":{"start":{"line":971,"column":12},"end":{"line":979,"column":13}},"type":"if","locations":[{"start":{"line":971,"column":12},"end":{"line":979,"column":13}},{"start":{},"end":{}}],"line":971},"104":{"loc":{"start":{"line":975,"column":33},"end":{"line":975,"column":71}},"type":"cond-expr","locations":[{"start":{"line":975,"column":43},"end":{"line":975,"column":59}},{"start":{"line":975,"column":62},"end":{"line":975,"column":71}}],"line":975},"105":{"loc":{"start":{"line":982,"column":12},"end":{"line":984,"column":13}},"type":"if","locations":[{"start":{"line":982,"column":12},"end":{"line":984,"column":13}},{"start":{},"end":{}}],"line":982},"106":{"loc":{"start":{"line":1010,"column":30},"end":{"line":1012,"column":19}},"type":"cond-expr","locations":[{"start":{"line":1011,"column":18},"end":{"line":1011,"column":90}},{"start":{"line":1012,"column":18},"end":{"line":1012,"column":19}}],"line":1010},"107":{"loc":{"start":{"line":1017,"column":12},"end":{"line":1020,"column":13}},"type":"if","locations":[{"start":{"line":1017,"column":12},"end":{"line":1020,"column":13}},{"start":{},"end":{}}],"line":1017},"108":{"loc":{"start":{"line":1019,"column":16},"end":{"line":1019,"column":49}},"type":"if","locations":[{"start":{"line":1019,"column":16},"end":{"line":1019,"column":49}},{"start":{},"end":{}}],"line":1019},"109":{"loc":{"start":{"line":1023,"column":12},"end":{"line":1026,"column":13}},"type":"if","locations":[{"start":{"line":1023,"column":12},"end":{"line":1026,"column":13}},{"start":{},"end":{}}],"line":1023},"110":{"loc":{"start":{"line":1025,"column":16},"end":{"line":1025,"column":47}},"type":"if","locations":[{"start":{"line":1025,"column":16},"end":{"line":1025,"column":47}},{"start":{},"end":{}}],"line":1025}},"s":{"0":1,"1":1,"2":1,"3":1,"4":1,"5":1,"6":1,"7":1,"8":1,"9":1,"10":1,"11":1,"12":1,"13":1,"14":1,"15":1,"16":1,"17":1,"18":1,"19":1,"20":1,"21":1,"22":1,"23":1,"24":1,"25":13,"26":13,"27":13,"28":1,"29":12,"30":1,"31":11,"32":11,"33":2,"34":9,"35":40,"36":9,"37":1,"38":8,"39":8,"40":8,"41":8,"42":8,"43":8,"44":0,"45":1,"46":5,"47":5,"48":5,"49":1,"50":4,"51":16,"52":4,"53":1,"54":3,"55":3,"56":2,"57":1,"58":1,"59":1,"60":0,"61":1,"62":1,"63":6,"64":1,"65":0,"66":1,"67":1,"68":1,"69":0,"70":1,"71":0,"72":0,"73":0,"74":1,"75":0,"76":0,"77":0,"78":0,"79":0,"80":0,"81":1,"82":0,"83":0,"84":0,"85":0,"86":0,"87":0,"88":0,"89":0,"90":0,"91":1,"92":1,"93":1,"94":0,"95":1,"96":1,"97":1,"98":1,"99":1,"100":5,"101":1,"102":0,"103":0,"104":0,"105":0,"106":0,"107":0,"108":0,"109":0,"110":0,"111":0,"112":0,"113":0,"114":0,"115":0,"116":0,"117":0,"118":0,"119":0,"120":0,"121":0,"122":0,"123":0,"124":0,"125":1,"126":0,"127":0,"128":0,"129":0,"130":1,"131":0,"132":0,"133":0,"134":0,"135":0,"136":0,"137":0,"138":0,"139":0,"140":0,"141":0,"142":0,"143":0,"144":0,"145":1,"146":0,"147":0,"148":0,"149":0,"150":0,"151":0,"152":0,"153":0,"154":1,"155":0,"156":0,"157":0,"158":0,"159":0,"160":1,"161":0,"162":0,"163":0,"164":0,"165":1,"166":0,"167":0,"168":1,"169":0,"170":0,"171":0,"172":0,"173":0,"174":0,"175":1,"176":3,"177":3,"178":3,"179":1,"180":5,"181":3,"182":1,"183":5,"184":3,"185":1,"186":2,"187":6,"188":2,"189":1,"190":1,"191":1,"192":3,"193":7,"194":3,"195":1,"196":2,"197":16,"198":2,"199":0,"200":2,"201":0,"202":2,"203":2,"204":0,"205":2,"206":2,"207":2,"208":1,"209":0,"210":0,"211":0,"212":0,"213":0,"214":0,"215":0,"216":0,"217":1,"218":0,"219":0,"220":0,"221":0,"222":0,"223":0,"224":1,"225":0,"226":0,"227":0,"228":0,"229":0,"230":0,"231":0,"232":0,"233":0,"234":0,"235":0,"236":0,"237":0,"238":0,"239":0,"240":0,"241":1,"242":0,"243":0,"244":0,"245":0,"246":0,"247":0,"248":0,"249":0,"250":0,"251":0,"252":0,"253":0,"254":0,"255":0,"256":0,"257":0,"258":0,"259":0,"260":0,"261":0,"262":0,"263":0,"264":0,"265":1,"266":0,"267":0,"268":0,"269":0,"270":0,"271":0,"272":0,"273":0,"274":0,"275":0,"276":0,"277":0,"278":0,"279":0,"280":0,"281":0,"282":0,"283":0,"284":0,"285":0,"286":1,"287":0,"288":0,"289":0,"290":0,"291":0,"292":0,"293":0,"294":0,"295":0,"296":0,"297":0,"298":0,"299":0,"300":1,"301":0,"302":0,"303":0,"304":0,"305":0,"306":0,"307":0,"308":0,"309":0,"310":0,"311":0,"312":0,"313":0,"314":0,"315":0,"316":0,"317":0,"318":0,"319":0,"320":0,"321":0,"322":0,"323":0,"324":0,"325":0,"326":0,"327":0,"328":1,"329":0,"330":0,"331":0,"332":0,"333":0,"334":0,"335":0,"336":0,"337":0,"338":0,"339":0,"340":0,"341":0,"342":0,"343":1,"344":0,"345":0,"346":0,"347":0,"348":0,"349":0,"350":0,"351":0,"352":0,"353":0,"354":0,"355":0,"356":0,"357":0,"358":0,"359":0,"360":0,"361":0,"362":0,"363":0,"364":0,"365":0,"366":1,"367":0,"368":0,"369":0,"370":0,"371":0,"372":0,"373":0,"374":0,"375":1,"376":0,"377":0,"378":0,"379":0,"380":0,"381":0,"382":0,"383":0,"384":0,"385":0,"386":0,"387":1,"388":0,"389":0,"390":0,"391":0,"392":0,"393":0,"394":0,"395":0,"396":1,"397":0,"398":0,"399":0,"400":0,"401":0,"402":0,"403":0,"404":0,"405":0,"406":0,"407":0,"408":1,"409":0,"410":0,"411":0,"412":0,"413":0,"414":0,"415":1,"416":0,"417":0,"418":0,"419":0,"420":0,"421":0,"422":0,"423":0,"424":0,"425":0,"426":0,"427":0,"428":0,"429":0,"430":0,"431":0,"432":0,"433":0,"434":1,"435":0,"436":0,"437":0,"438":0,"439":0,"440":0,"441":0,"442":0,"443":0,"444":0,"445":0,"446":0,"447":0,"448":0,"449":0,"450":0,"451":0,"452":0,"453":1,"454":0,"455":0,"456":0,"457":0,"458":0,"459":0,"460":0,"461":0,"462":0,"463":0,"464":0,"465":0,"466":0,"467":0,"468":0,"469":0,"470":0,"471":0,"472":0,"473":0,"474":0,"475":1,"476":0,"477":0,"478":0,"479":0,"480":0,"481":0,"482":0,"483":0,"484":0,"485":0,"486":0,"487":0,"488":0,"489":0,"490":0,"491":0,"492":0,"493":0,"494":0,"495":0,"496":0,"497":0,"498":0,"499":0,"500":0,"501":0,"502":0,"503":0,"504":0,"505":1,"506":0,"507":0,"508":1,"509":0,"510":1,"511":1,"512":1,"513":1},"f":{"0":1,"1":13,"2":40,"3":5,"4":16,"5":1,"6":6,"7":0,"8":0,"9":0,"10":0,"11":0,"12":0,"13":0,"14":0,"15":0,"16":0,"17":1,"18":1,"19":5,"20":0,"21":0,"22":0,"23":0,"24":0,"25":0,"26":0,"27":0,"28":0,"29":0,"30":0,"31":0,"32":0,"33":0,"34":0,"35":0,"36":0,"37":0,"38":0,"39":0,"40":0,"41":0,"42":0,"43":0,"44":0,"45":0,"46":3,"47":5,"48":5,"49":2,"50":6,"51":3,"52":7,"53":16,"54":0,"55":0,"56":0,"57":0,"58":0,"59":0,"60":0,"61":0,"62":0,"63":0,"64":0,"65":0,"66":0,"67":0,"68":0,"69":0,"70":0,"71":0,"72":0,"73":0,"74":0,"75":0,"76":0,"77":0,"78":0,"79":0,"80":0,"81":0,"82":0,"83":0,"84":0,"85":0,"86":0,"87":0,"88":0,"89":0,"90":0,"91":0,"92":0,"93":0,"94":0,"95":0,"96":0,"97":0,"98":0,"99":0,"100":0,"101":0,"102":0,"103":0,"104":0,"105":0,"106":0,"107":0,"108":0,"109":0,"110":0,"111":0,"112":0,"113":0,"114":0,"115":0,"116":0,"117":0,"118":0,"119":0,"120":0,"121":0,"122":1},"b":{"0":[1,1],"1":[1,1],"2":[7],"3":[1,12],"4":[13,13,12],"5":[1,11],"6":[2,9],"7":[1,8],"8":[1,4],"9":[5,5],"10":[1,3],"11":[2,1],"12":[0,1],"13":[0,0],"14":[0,0],"15":[0,1],"16":[1,1,1],"17":[0,0,0],"18":[0,0,0],"19":[0,0],"20":[0,0],"21":[0,0],"22":[0,0,0],"23":[0,0],"24":[0,0],"25":[0,0,0],"26":[0,0],"27":[0,0],"28":[0,0],"29":[0,0],"30":[0,0],"31":[0,0],"32":[0,0],"33":[0,0],"34":[0,0],"35":[0,0],"36":[1,2],"37":[1,2],"38":[1,1],"39":[1,2],"40":[0,2],"41":[0,2],"42":[2,2],"43":[0,2],"44":[0,0],"45":[0],"46":[0,0],"47":[0,0,0,0],"48":[0,0],"49":[0,0],"50":[0,0],"51":[0,0],"52":[0,0],"53":[0,0],"54":[0,0],"55":[0,0],"56":[0,0],"57":[0,0],"58":[0,0],"59":[0,0],"60":[0,0],"61":[0,0],"62":[0,0],"63":[0,0],"64":[0,0],"65":[0,0],"66":[0,0],"67":[0,0],"68":[0,0],"69":[0,0],"70":[0,0],"71":[0,0],"72":[0,0],"73":[0,0],"74":[0,0],"75":[0,0],"76":[0,0],"77":[0,0],"78":[0,0],"79":[0,0],"80":[0,0],"81":[0,0],"82":[0,0],"83":[0,0],"84":[0,0],"85":[0,0],"86":[0,0],"87":[0],"88":[0,0],"89":[0,0],"90":[0,0],"91":[0,0],"92":[0,0],"93":[0,0,0],"94":[0,0],"95":[0,0],"96":[0,0],"97":[0,0],"98":[0,0],"99":[0,0],"100":[0,0],"101":[0,0],"102":[0,0],"103":[0,0],"104":[0,0],"105":[0,0],"106":[0,0],"107":[0,0],"108":[0,0],"109":[0,0],"110":[0,0]},"_coverageSchema":"1a1c01bbd47fc00a2c39e90264f33305004495a9","hash":"4a9546296d18e485707322854b743029e9cdaa49"}
,"C:\\Users\\ideqt\\Downloads\\tutor-demo-full\\backend\\src\\middleware\\auth.js": {"path":"C:\\Users\\ideqt\\Downloads\\tutor-demo-full\\backend\\src\\middleware\\auth.js","statementMap":{"0":{"start":{"line":1,"column":12},"end":{"line":1,"column":35}},"1":{"start":{"line":3,"column":19},"end":{"line":3,"column":83}},"2":{"start":{"line":4,"column":23},"end":{"line":4,"column":58}},"3":{"start":{"line":6,"column":23},"end":{"line":20,"column":1}},"4":{"start":{"line":7,"column":4},"end":{"line":19,"column":5}},"5":{"start":{"line":8,"column":22},"end":{"line":8,"column":62}},"6":{"start":{"line":10,"column":8},"end":{"line":12,"column":9}},"7":{"start":{"line":11,"column":12},"end":{"line":11,"column":72}},"8":{"start":{"line":14,"column":24},"end":{"line":14,"column":53}},"9":{"start":{"line":15,"column":8},"end":{"line":15,"column":27}},"10":{"start":{"line":16,"column":8},"end":{"line":16,"column":15}},"11":{"start":{"line":18,"column":8},"end":{"line":18,"column":75}},"12":{"start":{"line":22,"column":20},"end":{"line":34,"column":1}},"13":{"start":{"line":23,"column":4},"end":{"line":33,"column":6}},"14":{"start":{"line":24,"column":8},"end":{"line":26,"column":9}},"15":{"start":{"line":25,"column":12},"end":{"line":25,"column":78}},"16":{"start":{"line":28,"column":8},"end":{"line":30,"column":9}},"17":{"start":{"line":29,"column":12},"end":{"line":29,"column":94}},"18":{"start":{"line":32,"column":8},"end":{"line":32,"column":15}},"19":{"start":{"line":36,"column":21},"end":{"line":48,"column":1}},"20":{"start":{"line":37,"column":4},"end":{"line":47,"column":5}},"21":{"start":{"line":38,"column":22},"end":{"line":38,"column":62}},"22":{"start":{"line":40,"column":8},"end":{"line":43,"column":9}},"23":{"start":{"line":41,"column":28},"end":{"line":41,"column":57}},"24":{"start":{"line":42,"column":12},"end":{"line":42,"column":31}},"25":{"start":{"line":44,"column":8},"end":{"line":44,"column":15}},"26":{"start":{"line":46,"column":8},"end":{"line":46,"column":15}},"27":{"start":{"line":50,"column":22},"end":{"line":61,"column":1}},"28":{"start":{"line":51,"column":4},"end":{"line":60,"column":6}},"29":{"start":{"line":63,"column":0},"end":{"line":69,"column":2}}},"fnMap":{"0":{"name":"(anonymous_0)","decl":{"start":{"line":6,"column":23},"end":{"line":6,"column":24}},"loc":{"start":{"line":6,"column":43},"end":{"line":20,"column":1}},"line":6},"1":{"name":"(anonymous_1)","decl":{"start":{"line":22,"column":20},"end":{"line":22,"column":21}},"loc":{"start":{"line":22,"column":41},"end":{"line":34,"column":1}},"line":22},"2":{"name":"(anonymous_2)","decl":{"start":{"line":23,"column":11},"end":{"line":23,"column":12}},"loc":{"start":{"line":23,"column":31},"end":{"line":33,"column":5}},"line":23},"3":{"name":"(anonymous_3)","decl":{"start":{"line":36,"column":21},"end":{"line":36,"column":22}},"loc":{"start":{"line":36,"column":41},"end":{"line":48,"column":1}},"line":36},"4":{"name":"(anonymous_4)","decl":{"start":{"line":50,"column":22},"end":{"line":50,"column":23}},"loc":{"start":{"line":50,"column":32},"end":{"line":61,"column":1}},"line":50}},"branchMap":{"0":{"loc":{"start":{"line":3,"column":19},"end":{"line":3,"column":83}},"type":"binary-expr","locations":[{"start":{"line":3,"column":19},"end":{"line":3,"column":41}},{"start":{"line":3,"column":45},"end":{"line":3,"column":83}}],"line":3},"1":{"loc":{"start":{"line":4,"column":23},"end":{"line":4,"column":58}},"type":"binary-expr","locations":[{"start":{"line":4,"column":23},"end":{"line":4,"column":49}},{"start":{"line":4,"column":53},"end":{"line":4,"column":58}}],"line":4},"2":{"loc":{"start":{"line":10,"column":8},"end":{"line":12,"column":9}},"type":"if","locations":[{"start":{"line":10,"column":8},"end":{"line":12,"column":9}},{"start":{},"end":{}}],"line":10},"3":{"loc":{"start":{"line":24,"column":8},"end":{"line":26,"column":9}},"type":"if","locations":[{"start":{"line":24,"column":8},"end":{"line":26,"column":9}},{"start":{},"end":{}}],"line":24},"4":{"loc":{"start":{"line":28,"column":8},"end":{"line":30,"column":9}},"type":"if","locations":[{"start":{"line":28,"column":8},"end":{"line":30,"column":9}},{"start":{},"end":{}}],"line":28},"5":{"loc":{"start":{"line":40,"column":8},"end":{"line":43,"column":9}},"type":"if","locations":[{"start":{"line":40,"column":8},"end":{"line":43,"column":9}},{"start":{},"end":{}}],"line":40}},"s":{"0":1,"1":1,"2":1,"3":1,"4":18,"5":18,"6":18,"7":2,"8":16,"9":11,"10":11,"11":5,"12":1,"13":16,"14":10,"15":0,"16":10,"17":5,"18":5,"19":1,"20":5,"21":5,"22":5,"23":0,"24":0,"25":5,"26":0,"27":1,"28":9,"29":1},"f":{"0":18,"1":16,"2":10,"3":5,"4":9},"b":{"0":[1,1],"1":[1,1],"2":[2,16],"3":[0,10],"4":[5,5],"5":[0,5]},"_coverageSchema":"1a1c01bbd47fc00a2c39e90264f33305004495a9","hash":"e8cd83c7555295704d8db3b4604261680e830af1"}
}
