{"C:\\Users\\ideqt\\Downloads\\tutor-demo-full\\backend\\src\\index.js": {"path":"C:\\Users\\ideqt\\Downloads\\tutor-demo-full\\backend\\src\\index.js","statementMap":{"0":{"start":{"line":1,"column":16},"end":{"line":1,"column":34}},"1":{"start":{"line":2,"column":13},"end":{"line":2,"column":28}},"2":{"start":{"line":3,"column":14},"end":{"line":3,"column":30}},"3":{"start":{"line":4,"column":15},"end":{"line":4,"column":34}},"4":{"start":{"line":5,"column":69},"end":{"line":5,"column":97}},"5":{"start":{"line":6,"column":0},"end":{"line":6,"column":27}},"6":{"start":{"line":8,"column":12},"end":{"line":8,"column":21}},"7":{"start":{"line":9,"column":13},"end":{"line":9,"column":37}},"8":{"start":{"line":10,"column":23},"end":{"line":10,"column":76}},"9":{"start":{"line":13,"column":0},"end":{"line":13,"column":16}},"10":{"start":{"line":14,"column":0},"end":{"line":14,"column":24}},"11":{"start":{"line":15,"column":0},"end":{"line":15,"column":48}},"12":{"start":{"line":18,"column":14},"end":{"line":18,"column":16}},"13":{"start":{"line":19,"column":16},"end":{"line":24,"column":1}},"14":{"start":{"line":27,"column":0},"end":{"line":33,"column":3}},"15":{"start":{"line":28,"column":4},"end":{"line":32,"column":7}},"16":{"start":{"line":36,"column":0},"end":{"line":82,"column":3}},"17":{"start":{"line":37,"column":4},"end":{"line":81,"column":5}},"18":{"start":{"line":38,"column":64},"end":{"line":38,"column":72}},"19":{"start":{"line":40,"column":8},"end":{"line":42,"column":9}},"20":{"start":{"line":41,"column":12},"end":{"line":41,"column":97}},"21":{"start":{"line":44,"column":8},"end":{"line":46,"column":9}},"22":{"start":{"line":45,"column":12},"end":{"line":45,"column":93}},"23":{"start":{"line":48,"column":27},"end":{"line":48,"column":56}},"24":{"start":{"line":49,"column":8},"end":{"line":51,"column":9}},"25":{"start":{"line":50,"column":12},"end":{"line":50,"column":101}},"26":{"start":{"line":53,"column":29},"end":{"line":53,"column":63}},"27":{"start":{"line":53,"column":45},"end":{"line":53,"column":62}},"28":{"start":{"line":54,"column":8},"end":{"line":56,"column":9}},"29":{"start":{"line":55,"column":12},"end":{"line":55,"column":74}},"30":{"start":{"line":58,"column":31},"end":{"line":58,"column":62}},"31":{"start":{"line":60,"column":24},"end":{"line":67,"column":9}},"32":{"start":{"line":69,"column":8},"end":{"line":69,"column":28}},"33":{"start":{"line":71,"column":22},"end":{"line":71,"column":44}},"34":{"start":{"line":73,"column":56},"end":{"line":73,"column":63}},"35":{"start":{"line":75,"column":8},"end":{"line":78,"column":11}},"36":{"start":{"line":80,"column":8},"end":{"line":80,"column":55}},"37":{"start":{"line":84,"column":0},"end":{"line":113,"column":3}},"38":{"start":{"line":85,"column":4},"end":{"line":112,"column":5}},"39":{"start":{"line":86,"column":36},"end":{"line":86,"column":44}},"40":{"start":{"line":88,"column":8},"end":{"line":90,"column":9}},"41":{"start":{"line":89,"column":12},"end":{"line":89,"column":86}},"42":{"start":{"line":92,"column":21},"end":{"line":92,"column":55}},"43":{"start":{"line":92,"column":37},"end":{"line":92,"column":54}},"44":{"start":{"line":93,"column":8},"end":{"line":95,"column":9}},"45":{"start":{"line":94,"column":12},"end":{"line":94,"column":74}},"46":{"start":{"line":97,"column":32},"end":{"line":97,"column":77}},"47":{"start":{"line":98,"column":8},"end":{"line":100,"column":9}},"48":{"start":{"line":99,"column":12},"end":{"line":99,"column":74}},"49":{"start":{"line":102,"column":22},"end":{"line":102,"column":41}},"50":{"start":{"line":104,"column":56},"end":{"line":104,"column":60}},"51":{"start":{"line":106,"column":8},"end":{"line":109,"column":11}},"52":{"start":{"line":111,"column":8},"end":{"line":111,"column":55}},"53":{"start":{"line":115,"column":0},"end":{"line":123,"column":3}},"54":{"start":{"line":116,"column":17},"end":{"line":116,"column":54}},"55":{"start":{"line":116,"column":33},"end":{"line":116,"column":53}},"56":{"start":{"line":117,"column":4},"end":{"line":119,"column":5}},"57":{"start":{"line":118,"column":8},"end":{"line":118,"column":65}},"58":{"start":{"line":121,"column":52},"end":{"line":121,"column":56}},"59":{"start":{"line":122,"column":4},"end":{"line":122,"column":34}},"60":{"start":{"line":126,"column":0},"end":{"line":130,"column":3}},"61":{"start":{"line":127,"column":4},"end":{"line":129,"column":7}},"62":{"start":{"line":132,"column":0},"end":{"line":135,"column":3}},"63":{"start":{"line":133,"column":34},"end":{"line":133,"column":76}},"64":{"start":{"line":133,"column":71},"end":{"line":133,"column":75}},"65":{"start":{"line":134,"column":4},"end":{"line":134,"column":47}},"66":{"start":{"line":137,"column":0},"end":{"line":149,"column":3}},"67":{"start":{"line":138,"column":18},"end":{"line":147,"column":5}},"68":{"start":{"line":142,"column":40},"end":{"line":142,"column":60}},"69":{"start":{"line":143,"column":38},"end":{"line":143,"column":56}},"70":{"start":{"line":144,"column":38},"end":{"line":144,"column":56}},"71":{"start":{"line":146,"column":53},"end":{"line":146,"column":69}},"72":{"start":{"line":148,"column":4},"end":{"line":148,"column":20}},"73":{"start":{"line":151,"column":0},"end":{"line":165,"column":3}},"74":{"start":{"line":152,"column":19},"end":{"line":152,"column":42}},"75":{"start":{"line":153,"column":22},"end":{"line":153,"column":59}},"76":{"start":{"line":153,"column":43},"end":{"line":153,"column":58}},"77":{"start":{"line":155,"column":4},"end":{"line":157,"column":5}},"78":{"start":{"line":156,"column":8},"end":{"line":156,"column":65}},"79":{"start":{"line":159,"column":4},"end":{"line":161,"column":5}},"80":{"start":{"line":160,"column":8},"end":{"line":160,"column":76}},"81":{"start":{"line":163,"column":4},"end":{"line":163,"column":31}},"82":{"start":{"line":164,"column":4},"end":{"line":164,"column":55}},"83":{"start":{"line":167,"column":0},"end":{"line":186,"column":3}},"84":{"start":{"line":168,"column":38},"end":{"line":168,"column":46}},"85":{"start":{"line":170,"column":4},"end":{"line":172,"column":5}},"86":{"start":{"line":171,"column":8},"end":{"line":171,"column":89}},"87":{"start":{"line":174,"column":22},"end":{"line":182,"column":5}},"88":{"start":{"line":184,"column":4},"end":{"line":184,"column":28}},"89":{"start":{"line":185,"column":4},"end":{"line":185,"column":36}},"90":{"start":{"line":188,"column":0},"end":{"line":191,"column":3}},"91":{"start":{"line":189,"column":25},"end":{"line":189,"column":71}},"92":{"start":{"line":189,"column":45},"end":{"line":189,"column":70}},"93":{"start":{"line":190,"column":4},"end":{"line":190,"column":40}},"94":{"start":{"line":193,"column":0},"end":{"line":201,"column":3}},"95":{"start":{"line":194,"column":17},"end":{"line":194,"column":66}},"96":{"start":{"line":194,"column":33},"end":{"line":194,"column":65}},"97":{"start":{"line":195,"column":4},"end":{"line":197,"column":5}},"98":{"start":{"line":196,"column":8},"end":{"line":196,"column":65}},"99":{"start":{"line":199,"column":52},"end":{"line":199,"column":56}},"100":{"start":{"line":200,"column":4},"end":{"line":200,"column":34}},"101":{"start":{"line":204,"column":0},"end":{"line":216,"column":3}},"102":{"start":{"line":205,"column":31},"end":{"line":205,"column":40}},"103":{"start":{"line":206,"column":26},"end":{"line":206,"column":33}},"104":{"start":{"line":208,"column":4},"end":{"line":210,"column":5}},"105":{"start":{"line":209,"column":8},"end":{"line":209,"column":77}},"106":{"start":{"line":209,"column":54},"end":{"line":209,"column":75}},"107":{"start":{"line":211,"column":4},"end":{"line":213,"column":5}},"108":{"start":{"line":212,"column":8},"end":{"line":212,"column":73}},"109":{"start":{"line":212,"column":54},"end":{"line":212,"column":71}},"110":{"start":{"line":215,"column":4},"end":{"line":215,"column":43}},"111":{"start":{"line":218,"column":0},"end":{"line":224,"column":3}},"112":{"start":{"line":219,"column":19},"end":{"line":219,"column":70}},"113":{"start":{"line":219,"column":37},"end":{"line":219,"column":69}},"114":{"start":{"line":220,"column":4},"end":{"line":222,"column":5}},"115":{"start":{"line":221,"column":8},"end":{"line":221,"column":67}},"116":{"start":{"line":223,"column":4},"end":{"line":223,"column":21}},"117":{"start":{"line":226,"column":0},"end":{"line":247,"column":3}},"118":{"start":{"line":227,"column":19},"end":{"line":227,"column":70}},"119":{"start":{"line":227,"column":37},"end":{"line":227,"column":69}},"120":{"start":{"line":229,"column":4},"end":{"line":231,"column":5}},"121":{"start":{"line":230,"column":8},"end":{"line":230,"column":67}},"122":{"start":{"line":233,"column":17},"end":{"line":233,"column":54}},"123":{"start":{"line":233,"column":33},"end":{"line":233,"column":53}},"124":{"start":{"line":234,"column":4},"end":{"line":236,"column":5}},"125":{"start":{"line":235,"column":8},"end":{"line":235,"column":65}},"126":{"start":{"line":238,"column":4},"end":{"line":238,"column":25}},"127":{"start":{"line":240,"column":52},"end":{"line":240,"column":56}},"128":{"start":{"line":242,"column":4},"end":{"line":246,"column":7}},"129":{"start":{"line":250,"column":0},"end":{"line":272,"column":3}},"130":{"start":{"line":251,"column":4},"end":{"line":271,"column":5}},"131":{"start":{"line":252,"column":38},"end":{"line":252,"column":46}},"132":{"start":{"line":254,"column":8},"end":{"line":256,"column":9}},"133":{"start":{"line":255,"column":12},"end":{"line":255,"column":75}},"134":{"start":{"line":258,"column":27},"end":{"line":262,"column":10}},"135":{"start":{"line":264,"column":8},"end":{"line":264,"column":34}},"136":{"start":{"line":266,"column":8},"end":{"line":266,"column":58}},"137":{"start":{"line":267,"column":8},"end":{"line":270,"column":11}},"138":{"start":{"line":274,"column":0},"end":{"line":289,"column":3}},"139":{"start":{"line":275,"column":4},"end":{"line":288,"column":5}},"140":{"start":{"line":276,"column":37},"end":{"line":276,"column":45}},"141":{"start":{"line":278,"column":27},"end":{"line":282,"column":10}},"142":{"start":{"line":284,"column":8},"end":{"line":284,"column":34}},"143":{"start":{"line":286,"column":8},"end":{"line":286,"column":58}},"144":{"start":{"line":287,"column":8},"end":{"line":287,"column":66}},"145":{"start":{"line":292,"column":0},"end":{"line":295,"column":3}},"146":{"start":{"line":293,"column":4},"end":{"line":293,"column":29}},"147":{"start":{"line":294,"column":4},"end":{"line":294,"column":61}},"148":{"start":{"line":298,"column":0},"end":{"line":300,"column":3}},"149":{"start":{"line":299,"column":4},"end":{"line":299,"column":55}},"150":{"start":{"line":302,"column":15},"end":{"line":305,"column":2}},"151":{"start":{"line":303,"column":4},"end":{"line":303,"column":70}},"152":{"start":{"line":304,"column":4},"end":{"line":304,"column":53}},"153":{"start":{"line":307,"column":0},"end":{"line":307,"column":33}}},"fnMap":{"0":{"name":"(anonymous_0)","decl":{"start":{"line":27,"column":19},"end":{"line":27,"column":20}},"loc":{"start":{"line":27,"column":33},"end":{"line":33,"column":1}},"line":27},"1":{"name":"(anonymous_1)","decl":{"start":{"line":36,"column":31},"end":{"line":36,"column":32}},"loc":{"start":{"line":36,"column":51},"end":{"line":82,"column":1}},"line":36},"2":{"name":"(anonymous_2)","decl":{"start":{"line":53,"column":40},"end":{"line":53,"column":41}},"loc":{"start":{"line":53,"column":45},"end":{"line":53,"column":62}},"line":53},"3":{"name":"(anonymous_3)","decl":{"start":{"line":84,"column":28},"end":{"line":84,"column":29}},"loc":{"start":{"line":84,"column":48},"end":{"line":113,"column":1}},"line":84},"4":{"name":"(anonymous_4)","decl":{"start":{"line":92,"column":32},"end":{"line":92,"column":33}},"loc":{"start":{"line":92,"column":37},"end":{"line":92,"column":54}},"line":92},"5":{"name":"(anonymous_5)","decl":{"start":{"line":115,"column":40},"end":{"line":115,"column":41}},"loc":{"start":{"line":115,"column":54},"end":{"line":123,"column":1}},"line":115},"6":{"name":"(anonymous_6)","decl":{"start":{"line":116,"column":28},"end":{"line":116,"column":29}},"loc":{"start":{"line":116,"column":33},"end":{"line":116,"column":53}},"line":116},"7":{"name":"(anonymous_7)","decl":{"start":{"line":126,"column":32},"end":{"line":126,"column":33}},"loc":{"start":{"line":126,"column":52},"end":{"line":130,"column":1}},"line":126},"8":{"name":"(anonymous_8)","decl":{"start":{"line":132,"column":60},"end":{"line":132,"column":61}},"loc":{"start":{"line":132,"column":74},"end":{"line":135,"column":1}},"line":132},"9":{"name":"(anonymous_9)","decl":{"start":{"line":133,"column":44},"end":{"line":133,"column":45}},"loc":{"start":{"line":133,"column":71},"end":{"line":133,"column":75}},"line":133},"10":{"name":"(anonymous_10)","decl":{"start":{"line":137,"column":66},"end":{"line":137,"column":67}},"loc":{"start":{"line":137,"column":80},"end":{"line":149,"column":1}},"line":137},"11":{"name":"(anonymous_11)","decl":{"start":{"line":142,"column":35},"end":{"line":142,"column":36}},"loc":{"start":{"line":142,"column":40},"end":{"line":142,"column":60}},"line":142},"12":{"name":"(anonymous_12)","decl":{"start":{"line":143,"column":33},"end":{"line":143,"column":34}},"loc":{"start":{"line":143,"column":38},"end":{"line":143,"column":56}},"line":143},"13":{"name":"(anonymous_13)","decl":{"start":{"line":144,"column":33},"end":{"line":144,"column":34}},"loc":{"start":{"line":144,"column":38},"end":{"line":144,"column":56}},"line":144},"14":{"name":"(anonymous_14)","decl":{"start":{"line":146,"column":41},"end":{"line":146,"column":42}},"loc":{"start":{"line":146,"column":53},"end":{"line":146,"column":69}},"line":146},"15":{"name":"(anonymous_15)","decl":{"start":{"line":151,"column":73},"end":{"line":151,"column":74}},"loc":{"start":{"line":151,"column":87},"end":{"line":165,"column":1}},"line":151},"16":{"name":"(anonymous_16)","decl":{"start":{"line":153,"column":38},"end":{"line":153,"column":39}},"loc":{"start":{"line":153,"column":43},"end":{"line":153,"column":58}},"line":153},"17":{"name":"(anonymous_17)","decl":{"start":{"line":167,"column":78},"end":{"line":167,"column":79}},"loc":{"start":{"line":167,"column":92},"end":{"line":186,"column":1}},"line":167},"18":{"name":"(anonymous_18)","decl":{"start":{"line":188,"column":77},"end":{"line":188,"column":78}},"loc":{"start":{"line":188,"column":91},"end":{"line":191,"column":1}},"line":188},"19":{"name":"(anonymous_19)","decl":{"start":{"line":189,"column":40},"end":{"line":189,"column":41}},"loc":{"start":{"line":189,"column":45},"end":{"line":189,"column":70}},"line":189},"20":{"name":"(anonymous_20)","decl":{"start":{"line":193,"column":42},"end":{"line":193,"column":43}},"loc":{"start":{"line":193,"column":56},"end":{"line":201,"column":1}},"line":193},"21":{"name":"(anonymous_21)","decl":{"start":{"line":194,"column":28},"end":{"line":194,"column":29}},"loc":{"start":{"line":194,"column":33},"end":{"line":194,"column":65}},"line":194},"22":{"name":"(anonymous_22)","decl":{"start":{"line":204,"column":38},"end":{"line":204,"column":39}},"loc":{"start":{"line":204,"column":52},"end":{"line":216,"column":1}},"line":204},"23":{"name":"(anonymous_23)","decl":{"start":{"line":209,"column":49},"end":{"line":209,"column":50}},"loc":{"start":{"line":209,"column":54},"end":{"line":209,"column":75}},"line":209},"24":{"name":"(anonymous_24)","decl":{"start":{"line":212,"column":49},"end":{"line":212,"column":50}},"loc":{"start":{"line":212,"column":54},"end":{"line":212,"column":71}},"line":212},"25":{"name":"(anonymous_25)","decl":{"start":{"line":218,"column":42},"end":{"line":218,"column":43}},"loc":{"start":{"line":218,"column":56},"end":{"line":224,"column":1}},"line":218},"26":{"name":"(anonymous_26)","decl":{"start":{"line":219,"column":32},"end":{"line":219,"column":33}},"loc":{"start":{"line":219,"column":37},"end":{"line":219,"column":69}},"line":219},"27":{"name":"(anonymous_27)","decl":{"start":{"line":226,"column":76},"end":{"line":226,"column":77}},"loc":{"start":{"line":226,"column":90},"end":{"line":247,"column":1}},"line":226},"28":{"name":"(anonymous_28)","decl":{"start":{"line":227,"column":32},"end":{"line":227,"column":33}},"loc":{"start":{"line":227,"column":37},"end":{"line":227,"column":69}},"line":227},"29":{"name":"(anonymous_29)","decl":{"start":{"line":233,"column":28},"end":{"line":233,"column":29}},"loc":{"start":{"line":233,"column":33},"end":{"line":233,"column":53}},"line":233},"30":{"name":"(anonymous_30)","decl":{"start":{"line":250,"column":70},"end":{"line":250,"column":71}},"loc":{"start":{"line":250,"column":90},"end":{"line":272,"column":1}},"line":250},"31":{"name":"(anonymous_31)","decl":{"start":{"line":274,"column":82},"end":{"line":274,"column":83}},"loc":{"start":{"line":274,"column":102},"end":{"line":289,"column":1}},"line":274},"32":{"name":"(anonymous_32)","decl":{"start":{"line":292,"column":8},"end":{"line":292,"column":9}},"loc":{"start":{"line":292,"column":33},"end":{"line":295,"column":1}},"line":292},"33":{"name":"(anonymous_33)","decl":{"start":{"line":298,"column":8},"end":{"line":298,"column":9}},"loc":{"start":{"line":298,"column":22},"end":{"line":300,"column":1}},"line":298},"34":{"name":"(anonymous_34)","decl":{"start":{"line":302,"column":32},"end":{"line":302,"column":33}},"loc":{"start":{"line":302,"column":38},"end":{"line":305,"column":1}},"line":302}},"branchMap":{"0":{"loc":{"start":{"line":9,"column":13},"end":{"line":9,"column":37}},"type":"binary-expr","locations":[{"start":{"line":9,"column":13},"end":{"line":9,"column":29}},{"start":{"line":9,"column":33},"end":{"line":9,"column":37}}],"line":9},"1":{"loc":{"start":{"line":10,"column":23},"end":{"line":10,"column":76}},"type":"binary-expr","locations":[{"start":{"line":10,"column":23},"end":{"line":10,"column":49}},{"start":{"line":10,"column":53},"end":{"line":10,"column":76}}],"line":10},"2":{"loc":{"start":{"line":38,"column":43},"end":{"line":38,"column":59}},"type":"default-arg","locations":[{"start":{"line":38,"column":50},"end":{"line":38,"column":59}}],"line":38},"3":{"loc":{"start":{"line":40,"column":8},"end":{"line":42,"column":9}},"type":"if","locations":[{"start":{"line":40,"column":8},"end":{"line":42,"column":9}},{"start":{},"end":{}}],"line":40},"4":{"loc":{"start":{"line":40,"column":12},"end":{"line":40,"column":44}},"type":"binary-expr","locations":[{"start":{"line":40,"column":12},"end":{"line":40,"column":21}},{"start":{"line":40,"column":25},"end":{"line":40,"column":31}},{"start":{"line":40,"column":35},"end":{"line":40,"column":44}}],"line":40},"5":{"loc":{"start":{"line":44,"column":8},"end":{"line":46,"column":9}},"type":"if","locations":[{"start":{"line":44,"column":8},"end":{"line":46,"column":9}},{"start":{},"end":{}}],"line":44},"6":{"loc":{"start":{"line":49,"column":8},"end":{"line":51,"column":9}},"type":"if","locations":[{"start":{"line":49,"column":8},"end":{"line":51,"column":9}},{"start":{},"end":{}}],"line":49},"7":{"loc":{"start":{"line":54,"column":8},"end":{"line":56,"column":9}},"type":"if","locations":[{"start":{"line":54,"column":8},"end":{"line":56,"column":9}},{"start":{},"end":{}}],"line":54},"8":{"loc":{"start":{"line":88,"column":8},"end":{"line":90,"column":9}},"type":"if","locations":[{"start":{"line":88,"column":8},"end":{"line":90,"column":9}},{"start":{},"end":{}}],"line":88},"9":{"loc":{"start":{"line":88,"column":12},"end":{"line":88,"column":31}},"type":"binary-expr","locations":[{"start":{"line":88,"column":12},"end":{"line":88,"column":18}},{"start":{"line":88,"column":22},"end":{"line":88,"column":31}}],"line":88},"10":{"loc":{"start":{"line":93,"column":8},"end":{"line":95,"column":9}},"type":"if","locations":[{"start":{"line":93,"column":8},"end":{"line":95,"column":9}},{"start":{},"end":{}}],"line":93},"11":{"loc":{"start":{"line":98,"column":8},"end":{"line":100,"column":9}},"type":"if","locations":[{"start":{"line":98,"column":8},"end":{"line":100,"column":9}},{"start":{},"end":{}}],"line":98},"12":{"loc":{"start":{"line":117,"column":4},"end":{"line":119,"column":5}},"type":"if","locations":[{"start":{"line":117,"column":4},"end":{"line":119,"column":5}},{"start":{},"end":{}}],"line":117},"13":{"loc":{"start":{"line":155,"column":4},"end":{"line":157,"column":5}},"type":"if","locations":[{"start":{"line":155,"column":4},"end":{"line":157,"column":5}},{"start":{},"end":{}}],"line":155},"14":{"loc":{"start":{"line":159,"column":4},"end":{"line":161,"column":5}},"type":"if","locations":[{"start":{"line":159,"column":4},"end":{"line":161,"column":5}},{"start":{},"end":{}}],"line":159},"15":{"loc":{"start":{"line":170,"column":4},"end":{"line":172,"column":5}},"type":"if","locations":[{"start":{"line":170,"column":4},"end":{"line":172,"column":5}},{"start":{},"end":{}}],"line":170},"16":{"loc":{"start":{"line":170,"column":8},"end":{"line":170,"column":36}},"type":"binary-expr","locations":[{"start":{"line":170,"column":8},"end":{"line":170,"column":14}},{"start":{"line":170,"column":18},"end":{"line":170,"column":26}},{"start":{"line":170,"column":30},"end":{"line":170,"column":36}}],"line":170},"17":{"loc":{"start":{"line":195,"column":4},"end":{"line":197,"column":5}},"type":"if","locations":[{"start":{"line":195,"column":4},"end":{"line":197,"column":5}},{"start":{},"end":{}}],"line":195},"18":{"loc":{"start":{"line":208,"column":4},"end":{"line":210,"column":5}},"type":"if","locations":[{"start":{"line":208,"column":4},"end":{"line":210,"column":5}},{"start":{},"end":{}}],"line":208},"19":{"loc":{"start":{"line":211,"column":4},"end":{"line":213,"column":5}},"type":"if","locations":[{"start":{"line":211,"column":4},"end":{"line":213,"column":5}},{"start":{},"end":{}}],"line":211},"20":{"loc":{"start":{"line":220,"column":4},"end":{"line":222,"column":5}},"type":"if","locations":[{"start":{"line":220,"column":4},"end":{"line":222,"column":5}},{"start":{},"end":{}}],"line":220},"21":{"loc":{"start":{"line":229,"column":4},"end":{"line":231,"column":5}},"type":"if","locations":[{"start":{"line":229,"column":4},"end":{"line":231,"column":5}},{"start":{},"end":{}}],"line":229},"22":{"loc":{"start":{"line":234,"column":4},"end":{"line":236,"column":5}},"type":"if","locations":[{"start":{"line":234,"column":4},"end":{"line":236,"column":5}},{"start":{},"end":{}}],"line":234},"23":{"loc":{"start":{"line":254,"column":8},"end":{"line":256,"column":9}},"type":"if","locations":[{"start":{"line":254,"column":8},"end":{"line":256,"column":9}},{"start":{},"end":{}}],"line":254}},"s":{"0":1,"1":1,"2":1,"3":1,"4":1,"5":1,"6":1,"7":1,"8":1,"9":1,"10":1,"11":1,"12":1,"13":1,"14":1,"15":1,"16":1,"17":14,"18":14,"19":14,"20":1,"21":13,"22":1,"23":12,"24":12,"25":1,"26":11,"27":49,"28":11,"29":1,"30":10,"31":10,"32":10,"33":10,"34":10,"35":10,"36":0,"37":1,"38":4,"39":4,"40":4,"41":1,"42":3,"43":15,"44":3,"45":1,"46":2,"47":2,"48":1,"49":1,"50":1,"51":1,"52":0,"53":1,"54":1,"55":6,"56":1,"57":0,"58":1,"59":1,"60":1,"61":0,"62":1,"63":1,"64":9,"65":1,"66":1,"67":1,"68":9,"69":9,"70":9,"71":4,"72":1,"73":1,"74":0,"75":0,"76":0,"77":0,"78":0,"79":0,"80":0,"81":0,"82":0,"83":1,"84":2,"85":2,"86":0,"87":2,"88":2,"89":2,"90":1,"91":1,"92":6,"93":1,"94":1,"95":0,"96":0,"97":0,"98":0,"99":0,"100":0,"101":1,"102":3,"103":3,"104":3,"105":1,"106":6,"107":3,"108":1,"109":6,"110":3,"111":1,"112":2,"113":7,"114":2,"115":1,"116":1,"117":1,"118":3,"119":8,"120":3,"121":1,"122":2,"123":17,"124":2,"125":0,"126":2,"127":2,"128":2,"129":1,"130":0,"131":0,"132":0,"133":0,"134":0,"135":0,"136":0,"137":0,"138":1,"139":0,"140":0,"141":0,"142":0,"143":0,"144":0,"145":1,"146":0,"147":0,"148":1,"149":0,"150":1,"151":1,"152":1,"153":1},"f":{"0":1,"1":14,"2":49,"3":4,"4":15,"5":1,"6":6,"7":0,"8":1,"9":9,"10":1,"11":9,"12":9,"13":9,"14":4,"15":0,"16":0,"17":2,"18":1,"19":6,"20":0,"21":0,"22":3,"23":6,"24":6,"25":2,"26":7,"27":3,"28":8,"29":17,"30":0,"31":0,"32":0,"33":0,"34":1},"b":{"0":[1,1],"1":[1,1],"2":[7],"3":[1,13],"4":[14,14,13],"5":[1,12],"6":[1,11],"7":[1,10],"8":[1,3],"9":[4,4],"10":[1,2],"11":[1,1],"12":[0,1],"13":[0,0],"14":[0,0],"15":[0,2],"16":[2,2,2],"17":[0,0],"18":[1,2],"19":[1,2],"20":[1,1],"21":[1,2],"22":[0,2],"23":[0,0]},"_coverageSchema":"1a1c01bbd47fc00a2c39e90264f33305004495a9","hash":"2c115c08c6ab8d045f9f09ccfd74b210fbce96ce"}
,"C:\\Users\\ideqt\\Downloads\\tutor-demo-full\\backend\\src\\middleware\\auth.js": {"path":"C:\\Users\\ideqt\\Downloads\\tutor-demo-full\\backend\\src\\middleware\\auth.js","statementMap":{"0":{"start":{"line":1,"column":12},"end":{"line":1,"column":35}},"1":{"start":{"line":3,"column":19},"end":{"line":3,"column":83}},"2":{"start":{"line":4,"column":23},"end":{"line":4,"column":58}},"3":{"start":{"line":6,"column":23},"end":{"line":20,"column":1}},"4":{"start":{"line":7,"column":4},"end":{"line":19,"column":5}},"5":{"start":{"line":8,"column":22},"end":{"line":8,"column":62}},"6":{"start":{"line":10,"column":8},"end":{"line":12,"column":9}},"7":{"start":{"line":11,"column":12},"end":{"line":11,"column":72}},"8":{"start":{"line":14,"column":24},"end":{"line":14,"column":53}},"9":{"start":{"line":15,"column":8},"end":{"line":15,"column":27}},"10":{"start":{"line":16,"column":8},"end":{"line":16,"column":15}},"11":{"start":{"line":18,"column":8},"end":{"line":18,"column":75}},"12":{"start":{"line":22,"column":20},"end":{"line":34,"column":1}},"13":{"start":{"line":23,"column":4},"end":{"line":33,"column":6}},"14":{"start":{"line":24,"column":8},"end":{"line":26,"column":9}},"15":{"start":{"line":25,"column":12},"end":{"line":25,"column":78}},"16":{"start":{"line":28,"column":8},"end":{"line":30,"column":9}},"17":{"start":{"line":29,"column":12},"end":{"line":29,"column":94}},"18":{"start":{"line":32,"column":8},"end":{"line":32,"column":15}},"19":{"start":{"line":36,"column":21},"end":{"line":48,"column":1}},"20":{"start":{"line":37,"column":4},"end":{"line":47,"column":5}},"21":{"start":{"line":38,"column":22},"end":{"line":38,"column":62}},"22":{"start":{"line":40,"column":8},"end":{"line":43,"column":9}},"23":{"start":{"line":41,"column":28},"end":{"line":41,"column":57}},"24":{"start":{"line":42,"column":12},"end":{"line":42,"column":31}},"25":{"start":{"line":44,"column":8},"end":{"line":44,"column":15}},"26":{"start":{"line":46,"column":8},"end":{"line":46,"column":15}},"27":{"start":{"line":50,"column":22},"end":{"line":61,"column":1}},"28":{"start":{"line":51,"column":4},"end":{"line":60,"column":6}},"29":{"start":{"line":63,"column":0},"end":{"line":69,"column":2}}},"fnMap":{"0":{"name":"(anonymous_0)","decl":{"start":{"line":6,"column":23},"end":{"line":6,"column":24}},"loc":{"start":{"line":6,"column":43},"end":{"line":20,"column":1}},"line":6},"1":{"name":"(anonymous_1)","decl":{"start":{"line":22,"column":20},"end":{"line":22,"column":21}},"loc":{"start":{"line":22,"column":41},"end":{"line":34,"column":1}},"line":22},"2":{"name":"(anonymous_2)","decl":{"start":{"line":23,"column":11},"end":{"line":23,"column":12}},"loc":{"start":{"line":23,"column":31},"end":{"line":33,"column":5}},"line":23},"3":{"name":"(anonymous_3)","decl":{"start":{"line":36,"column":21},"end":{"line":36,"column":22}},"loc":{"start":{"line":36,"column":41},"end":{"line":48,"column":1}},"line":36},"4":{"name":"(anonymous_4)","decl":{"start":{"line":50,"column":22},"end":{"line":50,"column":23}},"loc":{"start":{"line":50,"column":32},"end":{"line":61,"column":1}},"line":50}},"branchMap":{"0":{"loc":{"start":{"line":3,"column":19},"end":{"line":3,"column":83}},"type":"binary-expr","locations":[{"start":{"line":3,"column":19},"end":{"line":3,"column":41}},{"start":{"line":3,"column":45},"end":{"line":3,"column":83}}],"line":3},"1":{"loc":{"start":{"line":4,"column":23},"end":{"line":4,"column":58}},"type":"binary-expr","locations":[{"start":{"line":4,"column":23},"end":{"line":4,"column":49}},{"start":{"line":4,"column":53},"end":{"line":4,"column":58}}],"line":4},"2":{"loc":{"start":{"line":10,"column":8},"end":{"line":12,"column":9}},"type":"if","locations":[{"start":{"line":10,"column":8},"end":{"line":12,"column":9}},{"start":{},"end":{}}],"line":10},"3":{"loc":{"start":{"line":24,"column":8},"end":{"line":26,"column":9}},"type":"if","locations":[{"start":{"line":24,"column":8},"end":{"line":26,"column":9}},{"start":{},"end":{}}],"line":24},"4":{"loc":{"start":{"line":28,"column":8},"end":{"line":30,"column":9}},"type":"if","locations":[{"start":{"line":28,"column":8},"end":{"line":30,"column":9}},{"start":{},"end":{}}],"line":28},"5":{"loc":{"start":{"line":40,"column":8},"end":{"line":43,"column":9}},"type":"if","locations":[{"start":{"line":40,"column":8},"end":{"line":43,"column":9}},{"start":{},"end":{}}],"line":40}},"s":{"0":1,"1":1,"2":1,"3":1,"4":18,"5":18,"6":18,"7":2,"8":16,"9":15,"10":15,"11":1,"12":1,"13":8,"14":14,"15":0,"16":14,"17":6,"18":8,"19":1,"20":5,"21":5,"22":5,"23":0,"24":0,"25":5,"26":0,"27":1,"28":11,"29":1},"f":{"0":18,"1":8,"2":14,"3":5,"4":11},"b":{"0":[1,1],"1":[1,1],"2":[2,16],"3":[0,14],"4":[6,8],"5":[0,5]},"_coverageSchema":"1a1c01bbd47fc00a2c39e90264f33305004495a9","hash":"e8cd83c7555295704d8db3b4604261680e830af1"}
}
