TN:
SF:src\index.js
FN:27,(anonymous_0)
FN:36,(anonymous_1)
FN:53,(anonymous_2)
FN:84,(anonymous_3)
FN:92,(anonymous_4)
FN:115,(anonymous_5)
FN:116,(anonymous_6)
FN:126,(anonymous_7)
FN:132,(anonymous_8)
FN:133,(anonymous_9)
FN:137,(anonymous_10)
FN:142,(anonymous_11)
FN:143,(anonymous_12)
FN:144,(anonymous_13)
FN:146,(anonymous_14)
FN:151,(anonymous_15)
FN:153,(anonymous_16)
FN:167,(anonymous_17)
FN:188,(anonymous_18)
FN:189,(anonymous_19)
FN:193,(anonymous_20)
FN:194,(anonymous_21)
FN:204,(anonymous_22)
FN:209,(anonymous_23)
FN:212,(anonymous_24)
FN:218,(anonymous_25)
FN:219,(anonymous_26)
FN:226,(anonymous_27)
FN:227,(anonymous_28)
FN:233,(anonymous_29)
FN:250,(anonymous_30)
FN:274,(anonymous_31)
FN:292,(anonymous_32)
FN:298,(anonymous_33)
FN:302,(anonymous_34)
FNF:35
FNH:26
FNDA:1,(anonymous_0)
FNDA:14,(anonymous_1)
FNDA:49,(anonymous_2)
FNDA:4,(anonymous_3)
FNDA:15,(anonymous_4)
FNDA:1,(anonymous_5)
FNDA:6,(anonymous_6)
FNDA:0,(anonymous_7)
FNDA:1,(anonymous_8)
FNDA:9,(anonymous_9)
FNDA:1,(anonymous_10)
FNDA:9,(anonymous_11)
FNDA:9,(anonymous_12)
FNDA:9,(anonymous_13)
FNDA:4,(anonymous_14)
FNDA:0,(anonymous_15)
FNDA:0,(anonymous_16)
FNDA:2,(anonymous_17)
FNDA:1,(anonymous_18)
FNDA:6,(anonymous_19)
FNDA:0,(anonymous_20)
FNDA:0,(anonymous_21)
FNDA:3,(anonymous_22)
FNDA:6,(anonymous_23)
FNDA:6,(anonymous_24)
FNDA:2,(anonymous_25)
FNDA:7,(anonymous_26)
FNDA:3,(anonymous_27)
FNDA:8,(anonymous_28)
FNDA:17,(anonymous_29)
FNDA:0,(anonymous_30)
FNDA:0,(anonymous_31)
FNDA:0,(anonymous_32)
FNDA:0,(anonymous_33)
FNDA:1,(anonymous_34)
DA:1,1
DA:2,1
DA:3,1
DA:4,1
DA:5,1
DA:6,1
DA:8,1
DA:9,1
DA:10,1
DA:13,1
DA:14,1
DA:15,1
DA:18,1
DA:19,1
DA:27,1
DA:28,1
DA:36,1
DA:37,14
DA:38,14
DA:40,14
DA:41,1
DA:44,13
DA:45,1
DA:48,12
DA:49,12
DA:50,1
DA:53,49
DA:54,11
DA:55,1
DA:58,10
DA:60,10
DA:69,10
DA:71,10
DA:73,10
DA:75,10
DA:80,0
DA:84,1
DA:85,4
DA:86,4
DA:88,4
DA:89,1
DA:92,15
DA:93,3
DA:94,1
DA:97,2
DA:98,2
DA:99,1
DA:102,1
DA:104,1
DA:106,1
DA:111,0
DA:115,1
DA:116,6
DA:117,1
DA:118,0
DA:121,1
DA:122,1
DA:126,1
DA:127,0
DA:132,1
DA:133,9
DA:134,1
DA:137,1
DA:138,1
DA:142,9
DA:143,9
DA:144,9
DA:146,4
DA:148,1
DA:151,1
DA:152,0
DA:153,0
DA:155,0
DA:156,0
DA:159,0
DA:160,0
DA:163,0
DA:164,0
DA:167,1
DA:168,2
DA:170,2
DA:171,0
DA:174,2
DA:184,2
DA:185,2
DA:188,1
DA:189,6
DA:190,1
DA:193,1
DA:194,0
DA:195,0
DA:196,0
DA:199,0
DA:200,0
DA:204,1
DA:205,3
DA:206,3
DA:208,3
DA:209,6
DA:211,3
DA:212,6
DA:215,3
DA:218,1
DA:219,7
DA:220,2
DA:221,1
DA:223,1
DA:226,1
DA:227,8
DA:229,3
DA:230,1
DA:233,17
DA:234,2
DA:235,0
DA:238,2
DA:240,2
DA:242,2
DA:250,1
DA:251,0
DA:252,0
DA:254,0
DA:255,0
DA:258,0
DA:264,0
DA:266,0
DA:267,0
DA:274,1
DA:275,0
DA:276,0
DA:278,0
DA:284,0
DA:286,0
DA:287,0
DA:292,1
DA:293,0
DA:294,0
DA:298,1
DA:299,0
DA:302,1
DA:303,1
DA:304,1
DA:307,1
LF:142
LH:106
BRDA:9,0,0,1
BRDA:9,0,1,1
BRDA:10,1,0,1
BRDA:10,1,1,1
BRDA:38,2,0,7
BRDA:40,3,0,1
BRDA:40,3,1,13
BRDA:40,4,0,14
BRDA:40,4,1,14
BRDA:40,4,2,13
BRDA:44,5,0,1
BRDA:44,5,1,12
BRDA:49,6,0,1
BRDA:49,6,1,11
BRDA:54,7,0,1
BRDA:54,7,1,10
BRDA:88,8,0,1
BRDA:88,8,1,3
BRDA:88,9,0,4
BRDA:88,9,1,4
BRDA:93,10,0,1
BRDA:93,10,1,2
BRDA:98,11,0,1
BRDA:98,11,1,1
BRDA:117,12,0,0
BRDA:117,12,1,1
BRDA:155,13,0,0
BRDA:155,13,1,0
BRDA:159,14,0,0
BRDA:159,14,1,0
BRDA:170,15,0,0
BRDA:170,15,1,2
BRDA:170,16,0,2
BRDA:170,16,1,2
BRDA:170,16,2,2
BRDA:195,17,0,0
BRDA:195,17,1,0
BRDA:208,18,0,1
BRDA:208,18,1,2
BRDA:211,19,0,1
BRDA:211,19,1,2
BRDA:220,20,0,1
BRDA:220,20,1,1
BRDA:229,21,0,1
BRDA:229,21,1,2
BRDA:234,22,0,0
BRDA:234,22,1,2
BRDA:254,23,0,0
BRDA:254,23,1,0
BRF:49
BRH:38
end_of_record
TN:
SF:src\middleware\auth.js
FN:6,(anonymous_0)
FN:22,(anonymous_1)
FN:23,(anonymous_2)
FN:36,(anonymous_3)
FN:50,(anonymous_4)
FNF:5
FNH:5
FNDA:18,(anonymous_0)
FNDA:8,(anonymous_1)
FNDA:14,(anonymous_2)
FNDA:5,(anonymous_3)
FNDA:11,(anonymous_4)
DA:1,1
DA:3,1
DA:4,1
DA:6,1
DA:7,18
DA:8,18
DA:10,18
DA:11,2
DA:14,16
DA:15,15
DA:16,15
DA:18,1
DA:22,1
DA:23,8
DA:24,14
DA:25,0
DA:28,14
DA:29,6
DA:32,8
DA:36,1
DA:37,5
DA:38,5
DA:40,5
DA:41,0
DA:42,0
DA:44,5
DA:46,0
DA:50,1
DA:51,11
DA:63,1
LF:30
LH:26
BRDA:3,0,0,1
BRDA:3,0,1,1
BRDA:4,1,0,1
BRDA:4,1,1,1
BRDA:10,2,0,2
BRDA:10,2,1,16
BRDA:24,3,0,0
BRDA:24,3,1,14
BRDA:28,4,0,6
BRDA:28,4,1,8
BRDA:40,5,0,0
BRDA:40,5,1,5
BRF:12
BRH:10
end_of_record
