TN:
SF:src\chat.js
FN:9,getOrCreateRoom
FN:11,(anonymous_1)
FN:33,getUserRooms
FN:34,(anonymous_3)
FN:40,sendMessage
FN:55,getRoomMessages
FN:57,(anonymous_6)
FN:58,(anonymous_7)
FN:64,markMessagesAsRead
FN:65,(anonymous_9)
FN:73,getUnreadCount
FN:75,(anonymous_11)
FN:77,(anonymous_12)
FNF:13
FNH:0
FNDA:0,getOrCreateRoom
FNDA:0,(anonymous_1)
FNDA:0,getUserRooms
FNDA:0,(anonymous_3)
FNDA:0,sendMessage
FNDA:0,getRoomMessages
FNDA:0,(anonymous_6)
FNDA:0,(anonymous_7)
FNDA:0,markMessagesAsRead
FNDA:0,(anonymous_9)
FNDA:0,getUnreadCount
FNDA:0,(anonymous_11)
FNDA:0,(anonymous_12)
DA:2,1
DA:3,1
DA:5,1
DA:6,1
DA:11,0
DA:12,0
DA:16,0
DA:17,0
DA:21,0
DA:28,0
DA:29,0
DA:34,0
DA:35,0
DA:41,0
DA:50,0
DA:51,0
DA:56,0
DA:57,0
DA:58,0
DA:65,0
DA:66,0
DA:67,0
DA:74,0
DA:75,0
DA:77,0
DA:78,0
DA:84,1
LF:27
LH:5
BRDA:12,0,0,0
BRDA:12,0,1,0
BRDA:12,0,2,0
BRDA:12,0,3,0
BRDA:16,1,0,0
BRDA:16,1,1,0
BRDA:35,2,0,0
BRDA:35,2,1,0
BRDA:55,3,0,0
BRDA:66,4,0,0
BRDA:66,4,1,0
BRDA:66,5,0,0
BRDA:66,5,1,0
BRDA:78,6,0,0
BRDA:78,6,1,0
BRDA:78,6,2,0
BRF:16
BRH:0
end_of_record
TN:
SF:src\index.js
FN:53,(anonymous_0)
FN:62,(anonymous_1)
FN:79,(anonymous_2)
FN:110,(anonymous_3)
FN:118,(anonymous_4)
FN:141,(anonymous_5)
FN:142,(anonymous_6)
FN:152,(anonymous_7)
FN:158,(anonymous_8)
FN:159,(anonymous_9)
FN:163,(anonymous_10)
FN:168,(anonymous_11)
FN:169,(anonymous_12)
FN:170,(anonymous_13)
FN:172,(anonymous_14)
FN:177,(anonymous_15)
FN:179,(anonymous_16)
FN:193,(anonymous_17)
FN:214,(anonymous_18)
FN:215,(anonymous_19)
FN:220,canStudentChatWithTutor
FN:221,(anonymous_21)
FN:228,canTutorChatWithStudent
FN:229,(anonymous_23)
FN:236,getAllowedChatUsers
FN:238,(anonymous_25)
FN:242,(anonymous_26)
FN:245,(anonymous_27)
FN:245,(anonymous_28)
FN:247,(anonymous_29)
FN:254,(anonymous_30)
FN:255,(anonymous_31)
FN:257,(anonymous_32)
FN:267,(anonymous_33)
FN:269,(anonymous_34)
FN:273,(anonymous_35)
FN:280,(anonymous_36)
FN:286,(anonymous_37)
FN:301,(anonymous_38)
FN:304,(anonymous_39)
FN:306,(anonymous_40)
FN:319,(anonymous_41)
FN:330,(anonymous_42)
FN:339,(anonymous_43)
FN:344,(anonymous_44)
FN:345,(anonymous_45)
FN:355,(anonymous_46)
FN:360,(anonymous_47)
FN:363,(anonymous_48)
FN:369,(anonymous_49)
FN:370,(anonymous_50)
FN:377,(anonymous_51)
FN:378,(anonymous_52)
FN:384,(anonymous_53)
FN:410,(anonymous_54)
FN:434,(anonymous_55)
FN:453,(anonymous_56)
FN:461,(anonymous_57)
FN:490,(anonymous_58)
FN:507,(anonymous_59)
FN:513,(anonymous_60)
FN:517,(anonymous_61)
FN:521,(anonymous_62)
FN:526,(anonymous_63)
FN:530,(anonymous_64)
FN:531,(anonymous_65)
FN:532,(anonymous_66)
FN:542,(anonymous_67)
FN:545,(anonymous_68)
FN:555,(anonymous_69)
FN:586,(anonymous_70)
FN:589,(anonymous_71)
FN:618,(anonymous_72)
FN:621,(anonymous_73)
FN:642,(anonymous_74)
FN:659,(anonymous_75)
FN:662,(anonymous_76)
FN:675,(anonymous_77)
FN:695,(anonymous_78)
FN:707,(anonymous_79)
FN:717,(anonymous_80)
FN:755,(anonymous_81)
FN:758,(anonymous_82)
FN:761,(anonymous_83)
FN:775,(anonymous_84)
FN:778,(anonymous_85)
FN:781,(anonymous_86)
FN:796,createNotification
FN:812,(anonymous_88)
FN:815,(anonymous_89)
FN:816,(anonymous_90)
FN:818,(anonymous_91)
FN:830,(anonymous_92)
FN:833,(anonymous_93)
FN:852,(anonymous_94)
FN:855,(anonymous_95)
FN:856,(anonymous_96)
FN:865,(anonymous_97)
FN:868,(anonymous_98)
FN:890,recordProgress
FN:892,(anonymous_100)
FN:911,(anonymous_101)
FN:920,(anonymous_102)
FN:924,(anonymous_103)
FN:926,(anonymous_104)
FN:953,(anonymous_105)
FN:956,(anonymous_106)
FN:966,(anonymous_107)
FN:970,(anonymous_108)
FN:972,(anonymous_109)
FN:999,(anonymous_110)
FN:1004,(anonymous_111)
FN:1007,(anonymous_112)
FN:1008,(anonymous_113)
FN:1009,(anonymous_114)
FN:1011,(anonymous_115)
FN:1018,(anonymous_116)
FN:1024,(anonymous_117)
FN:1035,(anonymous_118)
FN:1048,(anonymous_119)
FN:1057,(anonymous_120)
FN:1063,(anonymous_121)
FN:1067,(anonymous_122)
FNF:123
FNH:19
FNDA:1,(anonymous_0)
FNDA:13,(anonymous_1)
FNDA:40,(anonymous_2)
FNDA:5,(anonymous_3)
FNDA:16,(anonymous_4)
FNDA:1,(anonymous_5)
FNDA:6,(anonymous_6)
FNDA:0,(anonymous_7)
FNDA:0,(anonymous_8)
FNDA:0,(anonymous_9)
FNDA:0,(anonymous_10)
FNDA:0,(anonymous_11)
FNDA:0,(anonymous_12)
FNDA:0,(anonymous_13)
FNDA:0,(anonymous_14)
FNDA:0,(anonymous_15)
FNDA:0,(anonymous_16)
FNDA:1,(anonymous_17)
FNDA:1,(anonymous_18)
FNDA:5,(anonymous_19)
FNDA:0,canStudentChatWithTutor
FNDA:0,(anonymous_21)
FNDA:0,canTutorChatWithStudent
FNDA:0,(anonymous_23)
FNDA:0,getAllowedChatUsers
FNDA:0,(anonymous_25)
FNDA:0,(anonymous_26)
FNDA:0,(anonymous_27)
FNDA:0,(anonymous_28)
FNDA:0,(anonymous_29)
FNDA:0,(anonymous_30)
FNDA:0,(anonymous_31)
FNDA:0,(anonymous_32)
FNDA:0,(anonymous_33)
FNDA:0,(anonymous_34)
FNDA:0,(anonymous_35)
FNDA:0,(anonymous_36)
FNDA:0,(anonymous_37)
FNDA:0,(anonymous_38)
FNDA:0,(anonymous_39)
FNDA:0,(anonymous_40)
FNDA:0,(anonymous_41)
FNDA:0,(anonymous_42)
FNDA:0,(anonymous_43)
FNDA:0,(anonymous_44)
FNDA:0,(anonymous_45)
FNDA:3,(anonymous_46)
FNDA:5,(anonymous_47)
FNDA:5,(anonymous_48)
FNDA:2,(anonymous_49)
FNDA:6,(anonymous_50)
FNDA:3,(anonymous_51)
FNDA:7,(anonymous_52)
FNDA:16,(anonymous_53)
FNDA:0,(anonymous_54)
FNDA:0,(anonymous_55)
FNDA:0,(anonymous_56)
FNDA:0,(anonymous_57)
FNDA:0,(anonymous_58)
FNDA:0,(anonymous_59)
FNDA:0,(anonymous_60)
FNDA:0,(anonymous_61)
FNDA:0,(anonymous_62)
FNDA:0,(anonymous_63)
FNDA:0,(anonymous_64)
FNDA:0,(anonymous_65)
FNDA:0,(anonymous_66)
FNDA:0,(anonymous_67)
FNDA:0,(anonymous_68)
FNDA:0,(anonymous_69)
FNDA:0,(anonymous_70)
FNDA:0,(anonymous_71)
FNDA:0,(anonymous_72)
FNDA:0,(anonymous_73)
FNDA:0,(anonymous_74)
FNDA:0,(anonymous_75)
FNDA:0,(anonymous_76)
FNDA:0,(anonymous_77)
FNDA:0,(anonymous_78)
FNDA:0,(anonymous_79)
FNDA:0,(anonymous_80)
FNDA:0,(anonymous_81)
FNDA:0,(anonymous_82)
FNDA:0,(anonymous_83)
FNDA:0,(anonymous_84)
FNDA:0,(anonymous_85)
FNDA:0,(anonymous_86)
FNDA:0,createNotification
FNDA:0,(anonymous_88)
FNDA:0,(anonymous_89)
FNDA:0,(anonymous_90)
FNDA:0,(anonymous_91)
FNDA:0,(anonymous_92)
FNDA:0,(anonymous_93)
FNDA:0,(anonymous_94)
FNDA:0,(anonymous_95)
FNDA:0,(anonymous_96)
FNDA:0,(anonymous_97)
FNDA:0,(anonymous_98)
FNDA:0,recordProgress
FNDA:0,(anonymous_100)
FNDA:0,(anonymous_101)
FNDA:0,(anonymous_102)
FNDA:0,(anonymous_103)
FNDA:0,(anonymous_104)
FNDA:0,(anonymous_105)
FNDA:0,(anonymous_106)
FNDA:0,(anonymous_107)
FNDA:0,(anonymous_108)
FNDA:0,(anonymous_109)
FNDA:0,(anonymous_110)
FNDA:0,(anonymous_111)
FNDA:0,(anonymous_112)
FNDA:0,(anonymous_113)
FNDA:0,(anonymous_114)
FNDA:0,(anonymous_115)
FNDA:0,(anonymous_116)
FNDA:0,(anonymous_117)
FNDA:0,(anonymous_118)
FNDA:0,(anonymous_119)
FNDA:0,(anonymous_120)
FNDA:0,(anonymous_121)
FNDA:1,(anonymous_122)
DA:1,1
DA:2,1
DA:3,1
DA:4,1
DA:5,1
DA:6,1
DA:7,1
DA:9,1
DA:10,1
DA:11,1
DA:14,1
DA:15,1
DA:16,1
DA:20,1
DA:30,1
DA:38,1
DA:39,1
DA:42,1
DA:43,1
DA:46,1
DA:47,1
DA:50,1
DA:53,1
DA:54,1
DA:62,1
DA:63,13
DA:64,13
DA:66,13
DA:67,1
DA:70,12
DA:71,1
DA:74,11
DA:75,11
DA:76,2
DA:79,40
DA:80,9
DA:81,1
DA:84,8
DA:86,8
DA:95,8
DA:97,8
DA:99,8
DA:101,8
DA:106,0
DA:110,1
DA:111,5
DA:112,5
DA:114,5
DA:115,1
DA:118,16
DA:119,4
DA:120,1
DA:123,3
DA:124,3
DA:125,2
DA:128,1
DA:130,1
DA:132,1
DA:137,0
DA:141,1
DA:142,6
DA:143,1
DA:144,0
DA:147,1
DA:148,1
DA:152,1
DA:153,0
DA:158,1
DA:159,0
DA:160,0
DA:163,1
DA:164,0
DA:168,0
DA:169,0
DA:170,0
DA:172,0
DA:174,0
DA:177,1
DA:178,0
DA:179,0
DA:181,0
DA:182,0
DA:185,0
DA:186,0
DA:189,0
DA:190,0
DA:193,1
DA:194,1
DA:196,1
DA:197,0
DA:200,1
DA:210,1
DA:211,1
DA:214,1
DA:215,5
DA:216,1
DA:221,0
DA:222,0
DA:229,0
DA:230,0
DA:237,0
DA:238,0
DA:241,0
DA:242,0
DA:243,0
DA:245,0
DA:247,0
DA:248,0
DA:253,0
DA:254,0
DA:255,0
DA:257,0
DA:258,0
DA:263,0
DA:267,1
DA:268,0
DA:269,0
DA:270,0
DA:273,1
DA:274,0
DA:276,0
DA:277,0
DA:280,0
DA:281,0
DA:282,0
DA:285,0
DA:286,0
DA:288,0
DA:289,0
DA:297,0
DA:298,0
DA:301,1
DA:302,0
DA:304,0
DA:305,0
DA:306,0
DA:307,0
DA:309,0
DA:316,0
DA:319,1
DA:320,0
DA:322,0
DA:323,0
DA:326,0
DA:327,0
DA:330,1
DA:331,0
DA:332,0
DA:334,0
DA:336,0
DA:339,1
DA:340,0
DA:341,0
DA:344,1
DA:345,0
DA:346,0
DA:347,0
DA:350,0
DA:351,0
DA:355,1
DA:356,3
DA:357,3
DA:359,3
DA:360,5
DA:362,3
DA:363,5
DA:366,3
DA:369,1
DA:370,6
DA:371,2
DA:372,1
DA:374,1
DA:377,1
DA:378,7
DA:380,3
DA:381,1
DA:384,16
DA:385,2
DA:386,0
DA:390,2
DA:391,0
DA:394,2
DA:395,2
DA:396,0
DA:398,2
DA:400,2
DA:402,2
DA:410,1
DA:411,0
DA:412,0
DA:414,0
DA:415,0
DA:418,0
DA:424,0
DA:426,0
DA:427,0
DA:434,1
DA:435,0
DA:436,0
DA:438,0
DA:444,0
DA:446,0
DA:447,0
DA:453,1
DA:454,0
DA:455,0
DA:457,0
DA:458,0
DA:461,0
DA:462,0
DA:463,0
DA:466,0
DA:467,0
DA:470,0
DA:487,0
DA:490,0
DA:491,0
DA:500,0
DA:502,0
DA:507,1
DA:508,0
DA:509,0
DA:510,0
DA:512,0
DA:513,0
DA:516,0
DA:517,0
DA:520,0
DA:521,0
DA:525,0
DA:526,0
DA:527,0
DA:529,0
DA:530,0
DA:531,0
DA:532,0
DA:535,0
DA:537,0
DA:542,1
DA:543,0
DA:544,0
DA:545,0
DA:547,0
DA:548,0
DA:551,0
DA:552,0
DA:555,0
DA:556,0
DA:557,0
DA:560,0
DA:561,0
DA:564,0
DA:565,0
DA:568,0
DA:571,0
DA:579,0
DA:581,0
DA:586,1
DA:587,0
DA:588,0
DA:589,0
DA:591,0
DA:592,0
DA:595,0
DA:596,0
DA:597,0
DA:600,0
DA:603,0
DA:611,0
DA:613,0
DA:618,1
DA:619,0
DA:620,0
DA:621,0
DA:623,0
DA:624,0
DA:627,0
DA:628,0
DA:631,0
DA:633,0
DA:634,0
DA:635,0
DA:636,0
DA:637,0
DA:638,0
DA:639,0
DA:642,0
DA:643,0
DA:652,0
DA:654,0
DA:659,1
DA:660,0
DA:661,0
DA:662,0
DA:664,0
DA:665,0
DA:668,0
DA:670,0
DA:671,0
DA:675,0
DA:676,0
DA:685,0
DA:687,0
DA:689,0
DA:695,1
DA:696,0
DA:697,0
DA:699,0
DA:700,0
DA:703,0
DA:704,0
DA:707,0
DA:708,0
DA:709,0
DA:712,0
DA:713,0
DA:717,0
DA:718,0
DA:719,0
DA:722,0
DA:734,0
DA:737,0
DA:740,0
DA:748,0
DA:750,0
DA:755,1
DA:756,0
DA:757,0
DA:758,0
DA:760,0
DA:761,0
DA:764,0
DA:770,0
DA:775,1
DA:776,0
DA:777,0
DA:778,0
DA:780,0
DA:781,0
DA:784,0
DA:790,0
DA:797,0
DA:807,0
DA:808,0
DA:812,1
DA:813,0
DA:814,0
DA:815,0
DA:816,0
DA:818,0
DA:820,0
DA:825,0
DA:830,1
DA:831,0
DA:832,0
DA:833,0
DA:835,0
DA:836,0
DA:839,0
DA:840,0
DA:843,0
DA:845,0
DA:847,0
DA:852,1
DA:853,0
DA:854,0
DA:855,0
DA:856,0
DA:858,0
DA:860,0
DA:865,1
DA:866,0
DA:867,0
DA:868,0
DA:870,0
DA:871,0
DA:874,0
DA:876,0
DA:877,0
DA:880,0
DA:882,0
DA:884,0
DA:891,0
DA:892,0
DA:895,0
DA:896,0
DA:897,0
DA:899,0
DA:911,1
DA:912,0
DA:913,0
DA:916,0
DA:917,0
DA:920,0
DA:923,0
DA:924,0
DA:925,0
DA:926,0
DA:927,0
DA:936,0
DA:937,0
DA:938,0
DA:940,0
DA:943,0
DA:948,0
DA:953,1
DA:954,0
DA:955,0
DA:956,0
DA:958,0
DA:959,0
DA:962,0
DA:963,0
DA:966,0
DA:969,0
DA:970,0
DA:971,0
DA:972,0
DA:973,0
DA:981,0
DA:982,0
DA:983,0
DA:987,0
DA:993,0
DA:999,1
DA:1000,0
DA:1001,0
DA:1004,0
DA:1007,0
DA:1008,0
DA:1009,0
DA:1010,0
DA:1011,0
DA:1014,0
DA:1017,0
DA:1018,0
DA:1019,0
DA:1023,0
DA:1024,0
DA:1025,0
DA:1029,0
DA:1031,0
DA:1035,0
DA:1048,0
DA:1050,0
DA:1052,0
DA:1057,1
DA:1058,0
DA:1059,0
DA:1063,1
DA:1064,0
DA:1067,1
DA:1068,1
DA:1069,1
DA:1072,1
LF:455
LH:131
BRDA:10,0,0,1
BRDA:10,0,1,1
BRDA:11,1,0,1
BRDA:11,1,1,1
BRDA:64,2,0,7
BRDA:66,3,0,1
BRDA:66,3,1,12
BRDA:66,4,0,13
BRDA:66,4,1,13
BRDA:66,4,2,12
BRDA:70,5,0,1
BRDA:70,5,1,11
BRDA:75,6,0,2
BRDA:75,6,1,9
BRDA:80,7,0,1
BRDA:80,7,1,8
BRDA:114,8,0,1
BRDA:114,8,1,4
BRDA:114,9,0,5
BRDA:114,9,1,5
BRDA:119,10,0,1
BRDA:119,10,1,3
BRDA:124,11,0,2
BRDA:124,11,1,1
BRDA:143,12,0,0
BRDA:143,12,1,1
BRDA:181,13,0,0
BRDA:181,13,1,0
BRDA:185,14,0,0
BRDA:185,14,1,0
BRDA:196,15,0,0
BRDA:196,15,1,1
BRDA:196,16,0,1
BRDA:196,16,1,1
BRDA:196,16,2,1
BRDA:222,17,0,0
BRDA:222,17,1,0
BRDA:222,17,2,0
BRDA:230,18,0,0
BRDA:230,18,1,0
BRDA:230,18,2,0
BRDA:237,19,0,0
BRDA:237,19,1,0
BRDA:241,20,0,0
BRDA:241,20,1,0
BRDA:243,21,0,0
BRDA:243,21,1,0
BRDA:248,22,0,0
BRDA:248,22,1,0
BRDA:248,22,2,0
BRDA:253,23,0,0
BRDA:253,23,1,0
BRDA:255,24,0,0
BRDA:255,24,1,0
BRDA:258,25,0,0
BRDA:258,25,1,0
BRDA:258,25,2,0
BRDA:276,26,0,0
BRDA:276,26,1,0
BRDA:281,27,0,0
BRDA:281,27,1,0
BRDA:288,28,0,0
BRDA:288,28,1,0
BRDA:291,29,0,0
BRDA:291,29,1,0
BRDA:305,30,0,0
BRDA:305,30,1,0
BRDA:311,31,0,0
BRDA:311,31,1,0
BRDA:312,32,0,0
BRDA:312,32,1,0
BRDA:322,33,0,0
BRDA:322,33,1,0
BRDA:322,34,0,0
BRDA:322,34,1,0
BRDA:346,35,0,0
BRDA:346,35,1,0
BRDA:359,36,0,1
BRDA:359,36,1,2
BRDA:362,37,0,1
BRDA:362,37,1,2
BRDA:371,38,0,1
BRDA:371,38,1,1
BRDA:380,39,0,1
BRDA:380,39,1,2
BRDA:385,40,0,0
BRDA:385,40,1,2
BRDA:390,41,0,0
BRDA:390,41,1,2
BRDA:390,42,0,2
BRDA:390,42,1,2
BRDA:395,43,0,0
BRDA:395,43,1,2
BRDA:414,44,0,0
BRDA:414,44,1,0
BRDA:455,45,0,0
BRDA:457,46,0,0
BRDA:457,46,1,0
BRDA:457,47,0,0
BRDA:457,47,1,0
BRDA:457,47,2,0
BRDA:457,47,3,0
BRDA:462,48,0,0
BRDA:462,48,1,0
BRDA:466,49,0,0
BRDA:466,49,1,0
BRDA:466,50,0,0
BRDA:466,50,1,0
BRDA:480,51,0,0
BRDA:480,51,1,0
BRDA:481,52,0,0
BRDA:481,52,1,0
BRDA:512,53,0,0
BRDA:512,53,1,0
BRDA:516,54,0,0
BRDA:516,54,1,0
BRDA:520,55,0,0
BRDA:520,55,1,0
BRDA:525,56,0,0
BRDA:525,56,1,0
BRDA:527,57,0,0
BRDA:527,57,1,0
BRDA:547,58,0,0
BRDA:547,58,1,0
BRDA:551,59,0,0
BRDA:551,59,1,0
BRDA:556,60,0,0
BRDA:556,60,1,0
BRDA:560,61,0,0
BRDA:560,61,1,0
BRDA:564,62,0,0
BRDA:564,62,1,0
BRDA:591,63,0,0
BRDA:591,63,1,0
BRDA:596,64,0,0
BRDA:596,64,1,0
BRDA:623,65,0,0
BRDA:623,65,1,0
BRDA:627,66,0,0
BRDA:627,66,1,0
BRDA:633,67,0,0
BRDA:633,67,1,0
BRDA:634,68,0,0
BRDA:634,68,1,0
BRDA:635,69,0,0
BRDA:635,69,1,0
BRDA:636,70,0,0
BRDA:636,70,1,0
BRDA:637,71,0,0
BRDA:637,71,1,0
BRDA:638,72,0,0
BRDA:638,72,1,0
BRDA:639,73,0,0
BRDA:639,73,1,0
BRDA:664,74,0,0
BRDA:664,74,1,0
BRDA:670,75,0,0
BRDA:670,75,1,0
BRDA:699,76,0,0
BRDA:699,76,1,0
BRDA:699,77,0,0
BRDA:699,77,1,0
BRDA:703,78,0,0
BRDA:703,78,1,0
BRDA:703,79,0,0
BRDA:703,79,1,0
BRDA:708,80,0,0
BRDA:708,80,1,0
BRDA:712,81,0,0
BRDA:712,81,1,0
BRDA:717,82,0,0
BRDA:717,82,1,0
BRDA:718,83,0,0
BRDA:718,83,1,0
BRDA:730,84,0,0
BRDA:730,84,1,0
BRDA:760,85,0,0
BRDA:760,85,1,0
BRDA:780,86,0,0
BRDA:780,86,1,0
BRDA:796,87,0,0
BRDA:835,88,0,0
BRDA:835,88,1,0
BRDA:839,89,0,0
BRDA:839,89,1,0
BRDA:855,90,0,0
BRDA:855,90,1,0
BRDA:870,91,0,0
BRDA:870,91,1,0
BRDA:876,92,0,0
BRDA:876,92,1,0
BRDA:892,93,0,0
BRDA:892,93,1,0
BRDA:892,93,2,0
BRDA:895,94,0,0
BRDA:895,94,1,0
BRDA:916,95,0,0
BRDA:916,95,1,0
BRDA:916,96,0,0
BRDA:916,96,1,0
BRDA:925,97,0,0
BRDA:925,97,1,0
BRDA:929,98,0,0
BRDA:929,98,1,0
BRDA:937,99,0,0
BRDA:937,99,1,0
BRDA:958,100,0,0
BRDA:958,100,1,0
BRDA:962,101,0,0
BRDA:962,101,1,0
BRDA:962,102,0,0
BRDA:962,102,1,0
BRDA:971,103,0,0
BRDA:971,103,1,0
BRDA:975,104,0,0
BRDA:975,104,1,0
BRDA:982,105,0,0
BRDA:982,105,1,0
BRDA:1010,106,0,0
BRDA:1010,106,1,0
BRDA:1017,107,0,0
BRDA:1017,107,1,0
BRDA:1019,108,0,0
BRDA:1019,108,1,0
BRDA:1023,109,0,0
BRDA:1023,109,1,0
BRDA:1025,110,0,0
BRDA:1025,110,1,0
BRF:228
BRH:42
end_of_record
TN:
SF:src\middleware\auth.js
FN:6,(anonymous_0)
FN:22,(anonymous_1)
FN:23,(anonymous_2)
FN:36,(anonymous_3)
FN:50,(anonymous_4)
FNF:5
FNH:5
FNDA:18,(anonymous_0)
FNDA:16,(anonymous_1)
FNDA:10,(anonymous_2)
FNDA:5,(anonymous_3)
FNDA:9,(anonymous_4)
DA:1,1
DA:3,1
DA:4,1
DA:6,1
DA:7,18
DA:8,18
DA:10,18
DA:11,2
DA:14,16
DA:15,11
DA:16,11
DA:18,5
DA:22,1
DA:23,16
DA:24,10
DA:25,0
DA:28,10
DA:29,5
DA:32,5
DA:36,1
DA:37,5
DA:38,5
DA:40,5
DA:41,0
DA:42,0
DA:44,5
DA:46,0
DA:50,1
DA:51,9
DA:63,1
LF:30
LH:26
BRDA:3,0,0,1
BRDA:3,0,1,1
BRDA:4,1,0,1
BRDA:4,1,1,1
BRDA:10,2,0,2
BRDA:10,2,1,16
BRDA:24,3,0,0
BRDA:24,3,1,10
BRDA:28,4,0,5
BRDA:28,4,1,5
BRDA:40,5,0,0
BRDA:40,5,1,5
BRF:12
BRH:10
end_of_record
